

Microchip Technology PIC LITE Macro Assembler V1.45 build -152302408 
                                                                                               Tue Oct 29 09:28:17 2019

Microchip Technology Omniscient Code Generator v1.45 (Free mode) build 201711160504
     1                           	processor	16F877A
     2                           	opt	pw 120
     3                           	opt	lm
     4                           	psect	cinit,global,class=CODE,merge=1,delta=2
     5                           	psect	bssCOMMON,global,class=COMMON,space=1,delta=1
     6                           	psect	cstackCOMMON,global,class=COMMON,space=1,delta=1
     7                           	psect	maintext,global,class=CODE,split=1,delta=2
     8                           	psect	text1,local,class=CODE,merge=1,delta=2
     9                           	psect	intentry,global,class=CODE,delta=2
    10                           	dabs	1,0x7E,2
    11  0000                     
    12                           ; Version 1.45
    13                           ; Generated 16/11/2017 GMT
    14                           ; 
    15                           ; Copyright © 2017, Microchip Technology Inc. and its subsidiaries ("Microchip")
    16                           ; All rights reserved.
    17                           ; 
    18                           ; This software is developed by Microchip Technology Inc. and its subsidiaries ("Microch
      +                          ip").
    19                           ; 
    20                           ; Redistribution and use in source and binary forms, with or without modification, are
    21                           ; permitted provided that the following conditions are met:
    22                           ; 
    23                           ;     1. Redistributions of source code must retain the above copyright notice, this lis
      +                          t of
    24                           ;        conditions and the following disclaimer.
    25                           ; 
    26                           ;     2. Redistributions in binary form must reproduce the above copyright notice, this 
      +                          list
    27                           ;        of conditions and the following disclaimer in the documentation and/or other
    28                           ;        materials provided with the distribution.
    29                           ; 
    30                           ;     3. Microchip's name may not be used to endorse or promote products derived from th
      +                          is
    31                           ;        software without specific prior written permission.
    32                           ; 
    33                           ; THIS SOFTWARE IS PROVIDED BY MICROCHIP "AS IS" AND ANY EXPRESS OR IMPLIED WARRANTIES,
    34                           ; INCLUDING, BUT NOT LIMITED TO, THE IMPLIED WARRANTIES OF MERCHANTABILITY AND FITNESS F
      +                          OR
    35                           ; PURPOSE ARE DISCLAIMED.  IN NO EVENT SHALL MICROCHIP BE LIABLE FOR ANY DIRECT, INDIREC
      +                          T,
    36                           ; INCIDENTAL, SPECIAL, EXEMPLARY, OR CONSEQUENTIAL DAMAGES (INCLUDING BUT NOT LIMITED TO
    37                           ; PROCUREMENT OF SUBSTITUTE GOODS OR SERVICES; LOSS OF USE, DATA OR PROFITS; OR BUSINESS
    38                           ; INTERRUPTION) HOWSOEVER CAUSED AND ON ANY THEORY OF LIABILITY, WHETHER IN CONTRACT, ST
      +                          RICT
    39                           ; LIABILITY, OR TORT (INCLUDING NEGLIGENCE OR OTHERWISE) ARISING IN ANY WAY OUT OF THE U
      +                          SE OF
    40                           ; THIS SOFTWARE, EVEN IF ADVISED OF THE POSSIBILITY OF SUCH DAMAGE.
    41                           ; 
    42                           ; 
    43                           ; Code-generator required, PIC16F877A Definitions
    44                           ; 
    45                           ; SFR Addresses
    46  0000                     	;# 
    47  0001                     	;# 
    48  0002                     	;# 
    49  0003                     	;# 
    50  0004                     	;# 
    51  0005                     	;# 
    52  0006                     	;# 
    53  0007                     	;# 
    54  0008                     	;# 
    55  0009                     	;# 
    56  000A                     	;# 
    57  000B                     	;# 
    58  000C                     	;# 
    59  000D                     	;# 
    60  000E                     	;# 
    61  000E                     	;# 
    62  000F                     	;# 
    63  0010                     	;# 
    64  0011                     	;# 
    65  0012                     	;# 
    66  0013                     	;# 
    67  0014                     	;# 
    68  0015                     	;# 
    69  0015                     	;# 
    70  0016                     	;# 
    71  0017                     	;# 
    72  0018                     	;# 
    73  0019                     	;# 
    74  001A                     	;# 
    75  001B                     	;# 
    76  001B                     	;# 
    77  001C                     	;# 
    78  001D                     	;# 
    79  001E                     	;# 
    80  001F                     	;# 
    81  0081                     	;# 
    82  0085                     	;# 
    83  0086                     	;# 
    84  0087                     	;# 
    85  0088                     	;# 
    86  0089                     	;# 
    87  008C                     	;# 
    88  008D                     	;# 
    89  008E                     	;# 
    90  0091                     	;# 
    91  0092                     	;# 
    92  0093                     	;# 
    93  0094                     	;# 
    94  0098                     	;# 
    95  0099                     	;# 
    96  009C                     	;# 
    97  009D                     	;# 
    98  009E                     	;# 
    99  009F                     	;# 
   100  010C                     	;# 
   101  010D                     	;# 
   102  010E                     	;# 
   103  010F                     	;# 
   104  018C                     	;# 
   105  018D                     	;# 
   106  0007                     _PORTC	set	7
   107  0059                     _INTF	set	89
   108  003C                     _RC4	set	60
   109  003B                     _RC3	set	59
   110  003A                     _RC2	set	58
   111  0039                     _RC1	set	57
   112  0038                     _RC0	set	56
   113  005C                     _INTE	set	92
   114  005E                     _PEIE	set	94
   115  005F                     _GIE	set	95
   116  0087                     _TRISC	set	135
   117  0430                     _TRISB0	set	1072
   118                           
   119                           	psect	cinit
   120  0015                     start_initialization:	
   121                           ; #config settings
   122                           
   123  0015                     __initialization:	
   124                           
   125                           ; Clear objects allocated to COMMON
   126  0015  01F7               	clrf	__pbssCOMMON& (0+127)
   127  0016  01F8               	clrf	(__pbssCOMMON+1)& (0+127)
   128  0017                     end_of_initialization:	
   129                           ;End of C runtime variable initialization code
   130                           
   131  0017                     __end_of__initialization:	
   132  0017  0183               	clrf	3
   133  0018  120A  118A  281B   	ljmp	_main	;jump to C main() function
   134                           
   135                           	psect	bssCOMMON
   136  0077                     __pbssCOMMON:	
   137  0077                     _count:	
   138  0077                     	ds	2
   139                           
   140                           	psect	cstackCOMMON
   141  0070                     __pcstackCOMMON:	
   142  0070                     ?_main:	
   143  0070                     ?_isr:	
   144                           ; 1 bytes @ 0x0
   145                           
   146  0070                     ??_isr:	
   147                           ; 1 bytes @ 0x0
   148                           
   149                           
   150                           ; 1 bytes @ 0x0
   151  0070                     	ds	4
   152  0074                     ??_main:	
   153                           
   154                           ; 1 bytes @ 0x4
   155  0074                     	ds	3
   156                           
   157                           	psect	maintext
   158  001B                     __pmaintext:	
   159 ;;
   160 ;;Main: autosize = 0, tempsize = 3, incstack = 0, save=0
   161 ;;
   162 ;; *************** function _main *****************
   163 ;; Defined at:
   164 ;;		line 14 in file "newmain.c"
   165 ;; Parameters:    Size  Location     Type
   166 ;;		None
   167 ;; Auto vars:     Size  Location     Type
   168 ;;		None
   169 ;; Return value:  Size  Location     Type
   170 ;;                  1    wreg      void 
   171 ;; Registers used:
   172 ;;		wreg, status,2, status,0
   173 ;; Tracked objects:
   174 ;;		On entry : B00/0
   175 ;;		On exit  : 0/0
   176 ;;		Unchanged: 0/0
   177 ;; Data sizes:     COMMON   BANK0   BANK1   BANK3   BANK2
   178 ;;      Params:         0       0       0       0       0
   179 ;;      Locals:         0       0       0       0       0
   180 ;;      Temps:          3       0       0       0       0
   181 ;;      Totals:         3       0       0       0       0
   182 ;;Total ram usage:        3 bytes
   183 ;; Hardware stack levels required when called:    1
   184 ;; This function calls:
   185 ;;		Nothing
   186 ;; This function is called by:
   187 ;;		Startup code after reset
   188 ;; This function uses a non-reentrant model
   189 ;;
   190                           
   191                           
   192                           ;psect for function _main
   193  001B                     _main:	
   194                           
   195                           ;incstack = 0
   196                           ; Regs used in _main: [wreg+status,2+status,0]
   197  001B  178B               	bsf	11,7	;volatile
   198                           
   199                           ;newmain.c: 16: PEIE=1;
   200  001C  170B               	bsf	11,6	;volatile
   201                           
   202                           ;newmain.c: 17: INTE=1;
   203  001D  160B               	bsf	11,4	;volatile
   204                           
   205                           ;newmain.c: 18: TRISB0=1;
   206  001E  1683               	bsf	3,5	;RP0=1, select bank1
   207  001F  1303               	bcf	3,6	;RP1=0, select bank1
   208  0020  1406               	bsf	6,0	;volatile
   209                           
   210                           ;newmain.c: 19: TRISC=0x00;
   211  0021  0187               	clrf	7	;volatile
   212                           
   213                           ;newmain.c: 20: PORTC=0x00;
   214  0022  1283               	bcf	3,5	;RP0=0, select bank0
   215  0023  1303               	bcf	3,6	;RP1=0, select bank0
   216  0024  0187               	clrf	7	;volatile
   217  0025  2909               	goto	l539
   218  0026                     l541:	
   219                           
   220                           ;newmain.c: 25: {
   221                           ;newmain.c: 26: RC0=1;
   222  0026  1283               	bcf	3,5	;RP0=0, select bank0
   223  0027  1303               	bcf	3,6	;RP1=0, select bank0
   224  0028  1407               	bsf	7,0	;volatile
   225                           
   226                           ;newmain.c: 27: _delay((unsigned long)((100)*(16000000/4000.0)));
   227  0029  3003               	movlw	3
   228  002A  00F6               	movwf	??_main+2
   229  002B  3008               	movlw	8
   230  002C  00F5               	movwf	??_main+1
   231  002D  3077               	movlw	119
   232  002E  00F4               	movwf	??_main
   233  002F                     u67:	
   234  002F  0BF4               	decfsz	??_main,f
   235  0030  282F               	goto	u67
   236  0031  0BF5               	decfsz	??_main+1,f
   237  0032  282F               	goto	u67
   238  0033  0BF6               	decfsz	??_main+2,f
   239  0034  282F               	goto	u67
   240                           
   241                           ;newmain.c: 28: RC1=1;
   242  0035  1283               	bcf	3,5	;RP0=0, select bank0
   243  0036  1303               	bcf	3,6	;RP1=0, select bank0
   244  0037  1487               	bsf	7,1	;volatile
   245                           
   246                           ;newmain.c: 29: _delay((unsigned long)((100)*(16000000/4000.0)));
   247  0038  3003               	movlw	3
   248  0039  00F6               	movwf	??_main+2
   249  003A  3008               	movlw	8
   250  003B  00F5               	movwf	??_main+1
   251  003C  3077               	movlw	119
   252  003D  00F4               	movwf	??_main
   253  003E                     u77:	
   254  003E  0BF4               	decfsz	??_main,f
   255  003F  283E               	goto	u77
   256  0040  0BF5               	decfsz	??_main+1,f
   257  0041  283E               	goto	u77
   258  0042  0BF6               	decfsz	??_main+2,f
   259  0043  283E               	goto	u77
   260                           
   261                           ;newmain.c: 30: RC2=1;
   262  0044  1283               	bcf	3,5	;RP0=0, select bank0
   263  0045  1303               	bcf	3,6	;RP1=0, select bank0
   264  0046  1507               	bsf	7,2	;volatile
   265                           
   266                           ;newmain.c: 31: _delay((unsigned long)((100)*(16000000/4000.0)));
   267  0047  3003               	movlw	3
   268  0048  00F6               	movwf	??_main+2
   269  0049  3008               	movlw	8
   270  004A  00F5               	movwf	??_main+1
   271  004B  3077               	movlw	119
   272  004C  00F4               	movwf	??_main
   273  004D                     u87:	
   274  004D  0BF4               	decfsz	??_main,f
   275  004E  284D               	goto	u87
   276  004F  0BF5               	decfsz	??_main+1,f
   277  0050  284D               	goto	u87
   278  0051  0BF6               	decfsz	??_main+2,f
   279  0052  284D               	goto	u87
   280                           
   281                           ;newmain.c: 32: RC3=1;
   282  0053  1283               	bcf	3,5	;RP0=0, select bank0
   283  0054  1303               	bcf	3,6	;RP1=0, select bank0
   284  0055  1587               	bsf	7,3	;volatile
   285                           
   286                           ;newmain.c: 33: _delay((unsigned long)((100)*(16000000/4000.0)));
   287  0056  3003               	movlw	3
   288  0057  00F6               	movwf	??_main+2
   289  0058  3008               	movlw	8
   290  0059  00F5               	movwf	??_main+1
   291  005A  3077               	movlw	119
   292  005B  00F4               	movwf	??_main
   293  005C                     u97:	
   294  005C  0BF4               	decfsz	??_main,f
   295  005D  285C               	goto	u97
   296  005E  0BF5               	decfsz	??_main+1,f
   297  005F  285C               	goto	u97
   298  0060  0BF6               	decfsz	??_main+2,f
   299  0061  285C               	goto	u97
   300                           
   301                           ;newmain.c: 34: RC4=1;
   302  0062  1283               	bcf	3,5	;RP0=0, select bank0
   303  0063  1303               	bcf	3,6	;RP1=0, select bank0
   304  0064  1607               	bsf	7,4	;volatile
   305                           
   306                           ;newmain.c: 35: _delay((unsigned long)((100)*(16000000/4000.0)));
   307  0065  3003               	movlw	3
   308  0066  00F6               	movwf	??_main+2
   309  0067  3008               	movlw	8
   310  0068  00F5               	movwf	??_main+1
   311  0069  3077               	movlw	119
   312  006A  00F4               	movwf	??_main
   313  006B                     u107:	
   314  006B  0BF4               	decfsz	??_main,f
   315  006C  286B               	goto	u107
   316  006D  0BF5               	decfsz	??_main+1,f
   317  006E  286B               	goto	u107
   318  006F  0BF6               	decfsz	??_main+2,f
   319  0070  286B               	goto	u107
   320                           
   321                           ;newmain.c: 36: }
   322  0071  2909               	goto	l539
   323  0072                     l555:	
   324                           
   325                           ;newmain.c: 38: {
   326                           ;newmain.c: 39: RC0=0;
   327  0072  1283               	bcf	3,5	;RP0=0, select bank0
   328  0073  1303               	bcf	3,6	;RP1=0, select bank0
   329  0074  1007               	bcf	7,0	;volatile
   330                           
   331                           ;newmain.c: 40: _delay((unsigned long)((100)*(16000000/4000.0)));
   332  0075  3003               	movlw	3
   333  0076  00F6               	movwf	??_main+2
   334  0077  3008               	movlw	8
   335  0078  00F5               	movwf	??_main+1
   336  0079  3077               	movlw	119
   337  007A  00F4               	movwf	??_main
   338  007B                     u117:	
   339  007B  0BF4               	decfsz	??_main,f
   340  007C  287B               	goto	u117
   341  007D  0BF5               	decfsz	??_main+1,f
   342  007E  287B               	goto	u117
   343  007F  0BF6               	decfsz	??_main+2,f
   344  0080  287B               	goto	u117
   345                           
   346                           ;newmain.c: 41: RC1=1;
   347  0081  1283               	bcf	3,5	;RP0=0, select bank0
   348  0082  1303               	bcf	3,6	;RP1=0, select bank0
   349  0083  1487               	bsf	7,1	;volatile
   350                           
   351                           ;newmain.c: 42: _delay((unsigned long)((100)*(16000000/4000.0)));
   352  0084  3003               	movlw	3
   353  0085  00F6               	movwf	??_main+2
   354  0086  3008               	movlw	8
   355  0087  00F5               	movwf	??_main+1
   356  0088  3077               	movlw	119
   357  0089  00F4               	movwf	??_main
   358  008A                     u127:	
   359  008A  0BF4               	decfsz	??_main,f
   360  008B  288A               	goto	u127
   361  008C  0BF5               	decfsz	??_main+1,f
   362  008D  288A               	goto	u127
   363  008E  0BF6               	decfsz	??_main+2,f
   364  008F  288A               	goto	u127
   365                           
   366                           ;newmain.c: 43: RC2=0;
   367  0090  1283               	bcf	3,5	;RP0=0, select bank0
   368  0091  1303               	bcf	3,6	;RP1=0, select bank0
   369  0092  1107               	bcf	7,2	;volatile
   370                           
   371                           ;newmain.c: 44: _delay((unsigned long)((100)*(16000000/4000.0)));
   372  0093  3003               	movlw	3
   373  0094  00F6               	movwf	??_main+2
   374  0095  3008               	movlw	8
   375  0096  00F5               	movwf	??_main+1
   376  0097  3077               	movlw	119
   377  0098  00F4               	movwf	??_main
   378  0099                     u137:	
   379  0099  0BF4               	decfsz	??_main,f
   380  009A  2899               	goto	u137
   381  009B  0BF5               	decfsz	??_main+1,f
   382  009C  2899               	goto	u137
   383  009D  0BF6               	decfsz	??_main+2,f
   384  009E  2899               	goto	u137
   385                           
   386                           ;newmain.c: 45: RC3=1;
   387  009F  1283               	bcf	3,5	;RP0=0, select bank0
   388  00A0  1303               	bcf	3,6	;RP1=0, select bank0
   389  00A1  1587               	bsf	7,3	;volatile
   390                           
   391                           ;newmain.c: 46: _delay((unsigned long)((100)*(16000000/4000.0)));
   392  00A2  3003               	movlw	3
   393  00A3  00F6               	movwf	??_main+2
   394  00A4  3008               	movlw	8
   395  00A5  00F5               	movwf	??_main+1
   396  00A6  3077               	movlw	119
   397  00A7  00F4               	movwf	??_main
   398  00A8                     u147:	
   399  00A8  0BF4               	decfsz	??_main,f
   400  00A9  28A8               	goto	u147
   401  00AA  0BF5               	decfsz	??_main+1,f
   402  00AB  28A8               	goto	u147
   403  00AC  0BF6               	decfsz	??_main+2,f
   404  00AD  28A8               	goto	u147
   405                           
   406                           ;newmain.c: 47: RC4=0;
   407  00AE  1283               	bcf	3,5	;RP0=0, select bank0
   408  00AF  1303               	bcf	3,6	;RP1=0, select bank0
   409  00B0  1207               	bcf	7,4	;volatile
   410                           
   411                           ;newmain.c: 48: _delay((unsigned long)((100)*(16000000/4000.0)));
   412  00B1  3003               	movlw	3
   413  00B2  00F6               	movwf	??_main+2
   414  00B3  3008               	movlw	8
   415  00B4  00F5               	movwf	??_main+1
   416  00B5  3077               	movlw	119
   417  00B6  00F4               	movwf	??_main
   418  00B7                     u157:	
   419  00B7  0BF4               	decfsz	??_main,f
   420  00B8  28B7               	goto	u157
   421  00B9  0BF5               	decfsz	??_main+1,f
   422  00BA  28B7               	goto	u157
   423  00BB  0BF6               	decfsz	??_main+2,f
   424  00BC  28B7               	goto	u157
   425                           
   426                           ;newmain.c: 49: }
   427  00BD  2909               	goto	l539
   428  00BE                     l569:	
   429                           
   430                           ;newmain.c: 51: {
   431                           ;newmain.c: 52: RC0=1;
   432  00BE  1283               	bcf	3,5	;RP0=0, select bank0
   433  00BF  1303               	bcf	3,6	;RP1=0, select bank0
   434  00C0  1407               	bsf	7,0	;volatile
   435                           
   436                           ;newmain.c: 53: _delay((unsigned long)((100)*(16000000/4000.0)));
   437  00C1  3003               	movlw	3
   438  00C2  00F6               	movwf	??_main+2
   439  00C3  3008               	movlw	8
   440  00C4  00F5               	movwf	??_main+1
   441  00C5  3077               	movlw	119
   442  00C6  00F4               	movwf	??_main
   443  00C7                     u167:	
   444  00C7  0BF4               	decfsz	??_main,f
   445  00C8  28C7               	goto	u167
   446  00C9  0BF5               	decfsz	??_main+1,f
   447  00CA  28C7               	goto	u167
   448  00CB  0BF6               	decfsz	??_main+2,f
   449  00CC  28C7               	goto	u167
   450                           
   451                           ;newmain.c: 54: RC1=0;
   452  00CD  1283               	bcf	3,5	;RP0=0, select bank0
   453  00CE  1303               	bcf	3,6	;RP1=0, select bank0
   454  00CF  1087               	bcf	7,1	;volatile
   455                           
   456                           ;newmain.c: 55: _delay((unsigned long)((100)*(16000000/4000.0)));
   457  00D0  3003               	movlw	3
   458  00D1  00F6               	movwf	??_main+2
   459  00D2  3008               	movlw	8
   460  00D3  00F5               	movwf	??_main+1
   461  00D4  3077               	movlw	119
   462  00D5  00F4               	movwf	??_main
   463  00D6                     u177:	
   464  00D6  0BF4               	decfsz	??_main,f
   465  00D7  28D6               	goto	u177
   466  00D8  0BF5               	decfsz	??_main+1,f
   467  00D9  28D6               	goto	u177
   468  00DA  0BF6               	decfsz	??_main+2,f
   469  00DB  28D6               	goto	u177
   470                           
   471                           ;newmain.c: 56: RC2=1;
   472  00DC  1283               	bcf	3,5	;RP0=0, select bank0
   473  00DD  1303               	bcf	3,6	;RP1=0, select bank0
   474  00DE  1507               	bsf	7,2	;volatile
   475                           
   476                           ;newmain.c: 57: _delay((unsigned long)((100)*(16000000/4000.0)));
   477  00DF  3003               	movlw	3
   478  00E0  00F6               	movwf	??_main+2
   479  00E1  3008               	movlw	8
   480  00E2  00F5               	movwf	??_main+1
   481  00E3  3077               	movlw	119
   482  00E4  00F4               	movwf	??_main
   483  00E5                     u187:	
   484  00E5  0BF4               	decfsz	??_main,f
   485  00E6  28E5               	goto	u187
   486  00E7  0BF5               	decfsz	??_main+1,f
   487  00E8  28E5               	goto	u187
   488  00E9  0BF6               	decfsz	??_main+2,f
   489  00EA  28E5               	goto	u187
   490                           
   491                           ;newmain.c: 58: RC3=0;
   492  00EB  1283               	bcf	3,5	;RP0=0, select bank0
   493  00EC  1303               	bcf	3,6	;RP1=0, select bank0
   494  00ED  1187               	bcf	7,3	;volatile
   495                           
   496                           ;newmain.c: 59: _delay((unsigned long)((100)*(16000000/4000.0)));
   497  00EE  3003               	movlw	3
   498  00EF  00F6               	movwf	??_main+2
   499  00F0  3008               	movlw	8
   500  00F1  00F5               	movwf	??_main+1
   501  00F2  3077               	movlw	119
   502  00F3  00F4               	movwf	??_main
   503  00F4                     u197:	
   504  00F4  0BF4               	decfsz	??_main,f
   505  00F5  28F4               	goto	u197
   506  00F6  0BF5               	decfsz	??_main+1,f
   507  00F7  28F4               	goto	u197
   508  00F8  0BF6               	decfsz	??_main+2,f
   509  00F9  28F4               	goto	u197
   510                           
   511                           ;newmain.c: 60: RC4=1;
   512  00FA  1283               	bcf	3,5	;RP0=0, select bank0
   513  00FB  1303               	bcf	3,6	;RP1=0, select bank0
   514  00FC  1607               	bsf	7,4	;volatile
   515                           
   516                           ;newmain.c: 61: _delay((unsigned long)((100)*(16000000/4000.0)));
   517  00FD  3003               	movlw	3
   518  00FE  00F6               	movwf	??_main+2
   519  00FF  3008               	movlw	8
   520  0100  00F5               	movwf	??_main+1
   521  0101  3077               	movlw	119
   522  0102  00F4               	movwf	??_main
   523  0103                     u207:	
   524  0103  0BF4               	decfsz	??_main,f
   525  0104  2903               	goto	u207
   526  0105  0BF5               	decfsz	??_main+1,f
   527  0106  2903               	goto	u207
   528  0107  0BF6               	decfsz	??_main+2,f
   529  0108  2903               	goto	u207
   530  0109                     l539:	
   531                           ;newmain.c: 21: while(1)
   532                           
   533                           ;newmain.c: 62: }
   534                           
   535                           
   536                           ;newmain.c: 22: {
   537                           ;newmain.c: 24: if(count==1)
   538  0109  0377               	decf	_count,w
   539  010A  0478               	iorwf	_count+1,w
   540  010B  1903               	btfsc	3,2
   541  010C  2826               	goto	l541
   542                           
   543                           ;newmain.c: 37: else if(count==2)
   544  010D  3002               	movlw	2
   545  010E  0677               	xorwf	_count,w
   546  010F  0478               	iorwf	_count+1,w
   547  0110  1903               	btfsc	3,2
   548  0111  2872               	goto	l555
   549                           
   550                           ;newmain.c: 50: else if(count==3)
   551  0112  3003               	movlw	3
   552  0113  0677               	xorwf	_count,w
   553  0114  0478               	iorwf	_count+1,w
   554  0115  1903               	btfsc	3,2
   555  0116  28BE               	goto	l569
   556                           
   557                           ;newmain.c: 63: else if(count==4)
   558  0117  3004               	movlw	4
   559  0118  0677               	xorwf	_count,w
   560  0119  0478               	iorwf	_count+1,w
   561  011A  1D03               	btfss	3,2
   562  011B  2909               	goto	l539
   563                           
   564                           ;newmain.c: 64: {
   565                           ;newmain.c: 66: RC0=0;
   566  011C  1283               	bcf	3,5	;RP0=0, select bank0
   567  011D  1303               	bcf	3,6	;RP1=0, select bank0
   568  011E  1007               	bcf	7,0	;volatile
   569                           
   570                           ;newmain.c: 68: RC1=0;
   571  011F  1087               	bcf	7,1	;volatile
   572                           
   573                           ;newmain.c: 70: RC2=0;
   574  0120  1107               	bcf	7,2	;volatile
   575                           
   576                           ;newmain.c: 72: RC3=0;
   577  0121  1187               	bcf	7,3	;volatile
   578                           
   579                           ;newmain.c: 74: RC4=0;
   580  0122  1207               	bcf	7,4	;volatile
   581                           
   582                           ;newmain.c: 76: count=0;
   583  0123  01F7               	clrf	_count
   584  0124  01F8               	clrf	_count+1
   585  0125  2909               	goto	l539
   586  0126                     __end_of_main:	
   587                           
   588                           	psect	text1
   589  0126                     __ptext1:	
   590 ;; *************** function _isr *****************
   591 ;; Defined at:
   592 ;;		line 81 in file "newmain.c"
   593 ;; Parameters:    Size  Location     Type
   594 ;;		None
   595 ;; Auto vars:     Size  Location     Type
   596 ;;		None
   597 ;; Return value:  Size  Location     Type
   598 ;;                  1    wreg      void 
   599 ;; Registers used:
   600 ;;		wreg
   601 ;; Tracked objects:
   602 ;;		On entry : 0/0
   603 ;;		On exit  : 0/0
   604 ;;		Unchanged: 0/0
   605 ;; Data sizes:     COMMON   BANK0   BANK1   BANK3   BANK2
   606 ;;      Params:         0       0       0       0       0
   607 ;;      Locals:         0       0       0       0       0
   608 ;;      Temps:          4       0       0       0       0
   609 ;;      Totals:         4       0       0       0       0
   610 ;;Total ram usage:        4 bytes
   611 ;; Hardware stack levels used:    1
   612 ;; This function calls:
   613 ;;		Nothing
   614 ;; This function is called by:
   615 ;;		Interrupt level 1
   616 ;; This function uses a non-reentrant model
   617 ;;
   618                           
   619                           
   620                           ;psect for function _isr
   621  0126                     _isr:	
   622                           
   623                           ;newmain.c: 83: if(INTF==1)
   624  0126  1C8B               	btfss	11,1	;volatile
   625  0127  292F               	goto	L1
   626                           
   627                           ;newmain.c: 84: {
   628                           ;newmain.c: 85: count++;
   629  0128  3001               	movlw	1
   630  0129  07F7               	addwf	_count,f
   631  012A  1803               	skipnc
   632  012B  0AF8               	incf	_count+1,f
   633  012C  3000               	movlw	0
   634  012D  07F8               	addwf	_count+1,f
   635                           
   636                           ;newmain.c: 86: }
   637                           ;newmain.c: 87: INTF=0;
   638  012E  108B               	bcf	11,1	;volatile
   639  012F                     L1:	
   640  012F  0873               	movf	??_isr+3,w
   641  0130  00FF               	movwf	127
   642  0131  0872               	movf	??_isr+2,w
   643  0132  008A               	movwf	10
   644  0133  0871               	movf	??_isr+1,w
   645  0134  0084               	movwf	4
   646  0135  0E70               	swapf	??_isr^(0+-128),w
   647  0136  0083               	movwf	3
   648  0137  0EFE               	swapf	126,f
   649  0138  0E7E               	swapf	126,w
   650  0139  0009               	retfie
   651  013A                     __end_of_isr:	
   652  007E                     btemp	set	126	;btemp
   653  007E                     wtemp0	set	126
   654                           
   655                           	psect	intentry
   656  0004                     __pintentry:	
   657                           ;incstack = 0
   658                           ; Regs used in _isr: [wreg]
   659                           
   660  0004                     interrupt_function:	
   661  007E                     saved_w	set	btemp
   662  0004  00FE               	movwf	btemp
   663  0005  0E03               	swapf	3,w
   664  0006  00F0               	movwf	??_isr
   665  0007  0804               	movf	4,w
   666  0008  00F1               	movwf	??_isr+1
   667  0009  080A               	movf	10,w
   668  000A  00F2               	movwf	??_isr+2
   669  000B  1283               	bcf	3,5	;RP0=0, select bank0
   670  000C  1303               	bcf	3,6	;RP1=0, select bank0
   671  000D  087F               	movf	btemp+1,w
   672  000E  00F3               	movwf	??_isr+3
   673  000F  120A  118A  2926   	ljmp	_isr


Data Sizes:
    Strings     0
    Constant    0
    Data        0
    BSS         2
    Persistent  0
    Stack       0

Auto Spaces:
    Space          Size  Autos    Used
    COMMON           14      7       9
    BANK0            80      0       0
    BANK1            80      0       0
    BANK3            96      0       0
    BANK2            96      0       0

Pointer List with Targets:

    None.

Critical Paths under _main in COMMON

    None.

Critical Paths under _isr in COMMON

    None.

Critical Paths under _main in BANK0

    None.

Critical Paths under _isr in BANK0

    None.

Critical Paths under _main in BANK1

    None.

Critical Paths under _isr in BANK1

    None.

Critical Paths under _main in BANK3

    None.

Critical Paths under _isr in BANK3

    None.

Critical Paths under _main in BANK2

    None.

Critical Paths under _isr in BANK2

    None.

Call Graph Tables:

 ---------------------------------------------------------------------------------
 (Depth) Function   	        Calls       Base Space   Used Autos Params    Refs
 ---------------------------------------------------------------------------------
 (0) _main                                                 3     3      0       0
                                              4 COMMON     3     3      0
 ---------------------------------------------------------------------------------
 Estimated maximum stack depth 0
 ---------------------------------------------------------------------------------
 (Depth) Function   	        Calls       Base Space   Used Autos Params    Refs
 ---------------------------------------------------------------------------------
 (1) _isr                                                  4     4      0       0
                                              0 COMMON     4     4      0
 ---------------------------------------------------------------------------------
 Estimated maximum stack depth 1
 ---------------------------------------------------------------------------------

 Call Graph Graphs:

 _main (ROOT)

 _isr (ROOT)

 Address spaces:
Name               Size   Autos  Total    Cost      Usage
BITCOMMON            E      0       0       0        0.0%
EEDATA             100      0       0       0        0.0%
NULL                 0      0       0       0        0.0%
CODE                 0      0       0       0        0.0%
COMMON               E      7       9       1       64.3%
BITSFR0              0      0       0       1        0.0%
SFR0                 0      0       0       1        0.0%
BITSFR1              0      0       0       2        0.0%
SFR1                 0      0       0       2        0.0%
STACK                0      0       0       2        0.0%
ABS                  0      0       9       3        0.0%
BITBANK0            50      0       0       4        0.0%
BITSFR3              0      0       0       4        0.0%
SFR3                 0      0       0       4        0.0%
BANK0               50      0       0       5        0.0%
BITSFR2              0      0       0       5        0.0%
SFR2                 0      0       0       5        0.0%
BITBANK1            50      0       0       6        0.0%
BANK1               50      0       0       7        0.0%
BITBANK3            60      0       0       8        0.0%
BANK3               60      0       0       9        0.0%
BITBANK2            60      0       0      10        0.0%
BANK2               60      0       0      11        0.0%
DATA                 0      0       9      12        0.0%


Microchip Technology PIC Macro Assembler V1.45 build -152302408 
Symbol Table                                                                                   Tue Oct 29 09:28:17 2019

                     u67 002F                       u77 003E                       u87 004D  
                     u97 005C                      l541 0026                      l555 0072  
                    l539 0109                      l569 00BE                      _GIE 005F  
                    _RC0 0038                      _RC1 0039                      _RC2 003A  
                    _RC3 003B                      _RC4 003C                      u107 006B  
                    u117 007B                      u207 0103                      u127 008A  
                    u137 0099                      u147 00A8                      u157 00B7  
                    u167 00C7                      u177 00D6                      u187 00E5  
                    u197 00F4                      _isr 0126                      fsr0 0004  
                   ?_isr 0070                     _PEIE 005E                     _INTE 005C  
                   _INTF 0059                     _main 001B                     btemp 007E  
                   start 0012                    ??_isr 0070                    ?_main 0070  
                  _PORTC 0007                    _TRISC 0087                    _count 0077  
                  pclath 000A                    status 0003                    wtemp0 007E  
        __initialization 0015             __end_of_main 0126                   ??_main 0074  
                 _TRISB0 0430                   saved_w 007E  __end_of__initialization 0017  
         __pcstackCOMMON 0070               __pmaintext 001B               __pintentry 0004  
                __ptext1 0126             __size_of_isr 0014     end_of_initialization 0017  
    start_initialization 0015              __end_of_isr 013A              __pbssCOMMON 0077  
              ___latbits 0002        interrupt_function 0004            __size_of_main 010B  
               intlevel1 0000  
