

Microchip Technology PIC LITE Macro Assembler V1.45 build -152302408 
                                                                                               Wed Jun 10 10:51:51 2020

Microchip Technology Omniscient Code Generator v1.45 (Free mode) build 201711160504
     1                           	processor	16F877A
     2                           	opt	pw 120
     3                           	opt	lm
     4                           	psect	cinit,global,class=CODE,merge=1,delta=2
     5                           	psect	bssCOMMON,global,class=COMMON,space=1,delta=1
     6                           	psect	cstackCOMMON,global,class=COMMON,space=1,delta=1
     7                           	psect	cstackBANK0,global,class=BANK0,space=1,delta=1
     8                           	psect	maintext,global,class=CODE,split=1,delta=2
     9                           	psect	text1,local,class=CODE,merge=1,delta=2
    10                           	psect	text2,local,class=CODE,merge=1,delta=2
    11                           	psect	text3,local,class=CODE,merge=1,delta=2
    12                           	psect	text4,local,class=CODE,merge=1,delta=2
    13                           	psect	text5,local,class=CODE,merge=1,delta=2
    14                           	psect	text6,local,class=CODE,merge=1,delta=2
    15                           	psect	text7,local,class=CODE,merge=1,delta=2
    16                           	psect	text8,local,class=CODE,merge=1,delta=2
    17                           	psect	text9,local,class=CODE,merge=1,delta=2
    18                           	dabs	1,0x7E,2
    19  0000                     
    20                           ; Version 1.45
    21                           ; Generated 16/11/2017 GMT
    22                           ; 
    23                           ; Copyright © 2017, Microchip Technology Inc. and its subsidiaries ("Microchip")
    24                           ; All rights reserved.
    25                           ; 
    26                           ; This software is developed by Microchip Technology Inc. and its subsidiaries ("Microch
      +                          ip").
    27                           ; 
    28                           ; Redistribution and use in source and binary forms, with or without modification, are
    29                           ; permitted provided that the following conditions are met:
    30                           ; 
    31                           ;     1. Redistributions of source code must retain the above copyright notice, this lis
      +                          t of
    32                           ;        conditions and the following disclaimer.
    33                           ; 
    34                           ;     2. Redistributions in binary form must reproduce the above copyright notice, this 
      +                          list
    35                           ;        of conditions and the following disclaimer in the documentation and/or other
    36                           ;        materials provided with the distribution.
    37                           ; 
    38                           ;     3. Microchip's name may not be used to endorse or promote products derived from th
      +                          is
    39                           ;        software without specific prior written permission.
    40                           ; 
    41                           ; THIS SOFTWARE IS PROVIDED BY MICROCHIP "AS IS" AND ANY EXPRESS OR IMPLIED WARRANTIES,
    42                           ; INCLUDING, BUT NOT LIMITED TO, THE IMPLIED WARRANTIES OF MERCHANTABILITY AND FITNESS F
      +                          OR
    43                           ; PURPOSE ARE DISCLAIMED.  IN NO EVENT SHALL MICROCHIP BE LIABLE FOR ANY DIRECT, INDIREC
      +                          T,
    44                           ; INCIDENTAL, SPECIAL, EXEMPLARY, OR CONSEQUENTIAL DAMAGES (INCLUDING BUT NOT LIMITED TO
    45                           ; PROCUREMENT OF SUBSTITUTE GOODS OR SERVICES; LOSS OF USE, DATA OR PROFITS; OR BUSINESS
    46                           ; INTERRUPTION) HOWSOEVER CAUSED AND ON ANY THEORY OF LIABILITY, WHETHER IN CONTRACT, ST
      +                          RICT
    47                           ; LIABILITY, OR TORT (INCLUDING NEGLIGENCE OR OTHERWISE) ARISING IN ANY WAY OUT OF THE U
      +                          SE OF
    48                           ; THIS SOFTWARE, EVEN IF ADVISED OF THE POSSIBILITY OF SUCH DAMAGE.
    49                           ; 
    50                           ; 
    51                           ; Code-generator required, PIC16F877A Definitions
    52                           ; 
    53                           ; SFR Addresses
    54  0000                     	;# 
    55  0001                     	;# 
    56  0002                     	;# 
    57  0003                     	;# 
    58  0004                     	;# 
    59  0005                     	;# 
    60  0006                     	;# 
    61  0007                     	;# 
    62  0008                     	;# 
    63  0009                     	;# 
    64  000A                     	;# 
    65  000B                     	;# 
    66  000C                     	;# 
    67  000D                     	;# 
    68  000E                     	;# 
    69  000E                     	;# 
    70  000F                     	;# 
    71  0010                     	;# 
    72  0011                     	;# 
    73  0012                     	;# 
    74  0013                     	;# 
    75  0014                     	;# 
    76  0015                     	;# 
    77  0015                     	;# 
    78  0016                     	;# 
    79  0017                     	;# 
    80  0018                     	;# 
    81  0019                     	;# 
    82  001A                     	;# 
    83  001B                     	;# 
    84  001B                     	;# 
    85  001C                     	;# 
    86  001D                     	;# 
    87  001E                     	;# 
    88  001F                     	;# 
    89  0081                     	;# 
    90  0085                     	;# 
    91  0086                     	;# 
    92  0087                     	;# 
    93  0088                     	;# 
    94  0089                     	;# 
    95  008C                     	;# 
    96  008D                     	;# 
    97  008E                     	;# 
    98  0091                     	;# 
    99  0092                     	;# 
   100  0093                     	;# 
   101  0094                     	;# 
   102  0098                     	;# 
   103  0099                     	;# 
   104  009C                     	;# 
   105  009D                     	;# 
   106  009E                     	;# 
   107  009F                     	;# 
   108  010C                     	;# 
   109  010D                     	;# 
   110  010E                     	;# 
   111  010F                     	;# 
   112  018C                     	;# 
   113  018D                     	;# 
   114  0019                     _TXREG	set	25
   115  0013                     _SSPBUF	set	19
   116  001A                     _RCREG	set	26
   117  0018                     _RCSTA	set	24
   118  0014                     _SSPCON	set	20
   119  0030                     _RB0	set	48
   120  0063                     _SSPIF	set	99
   121  0065                     _RCIF	set	101
   122  0033                     _RB3	set	51
   123  0032                     _RB2	set	50
   124  0031                     _RB1	set	49
   125  0099                     _SPBRG	set	153
   126  0098                     _TXSTA	set	152
   127  0094                     _SSPSTAT	set	148
   128  0430                     _TRISB0	set	1072
   129  04C1                     _TRMT	set	1217
   130  04A0                     _BF	set	1184
   131  043F                     _TRISC7	set	1087
   132  043E                     _TRISC6	set	1086
   133  0433                     _TRISB3	set	1075
   134  0432                     _TRISB2	set	1074
   135  0431                     _TRISB1	set	1073
   136  043C                     _TRISC4	set	1084
   137  043D                     _TRISC5	set	1085
   138  043B                     _TRISC3	set	1083
   139                           
   140                           	psect	cinit
   141  07FA                     start_initialization:	
   142                           ; #config settings
   143                           
   144  07FA                     __initialization:	
   145                           
   146                           ; Clear objects allocated to COMMON
   147  07FA  01FC               	clrf	__pbssCOMMON& (0+127)
   148  07FB  01FD               	clrf	(__pbssCOMMON+1)& (0+127)
   149  07FC                     end_of_initialization:	
   150                           ;End of C runtime variable initialization code
   151                           
   152  07FC                     __end_of__initialization:	
   153  07FC  0183               	clrf	3
   154  07FD  120A  118A  2F9E   	ljmp	_main	;jump to C main() function
   155                           
   156                           	psect	bssCOMMON
   157  007C                     __pbssCOMMON:	
   158  007C                     _space_check:	
   159  007C                     	ds	2
   160                           
   161                           	psect	cstackCOMMON
   162  0070                     __pcstackCOMMON:	
   163  0070                     ?_spi_master_init:	
   164  0070                     ??_spi_master_init:	
   165                           ; 1 bytes @ 0x0
   166                           
   167  0070                     ?_uart_init:	
   168                           ; 1 bytes @ 0x0
   169                           
   170  0070                     ??_uart_init:	
   171                           ; 1 bytes @ 0x0
   172                           
   173  0070                     ?_uart_receive:	
   174                           ; 1 bytes @ 0x0
   175                           
   176  0070                     ??_uart_receive:	
   177                           ; 1 bytes @ 0x0
   178                           
   179  0070                     ?_uart_to_spi:	
   180                           ; 1 bytes @ 0x0
   181                           
   182  0070                     ??_uart_to_spi:	
   183                           ; 1 bytes @ 0x0
   184                           
   185  0070                     ?_uart_str_receive:	
   186                           ; 1 bytes @ 0x0
   187                           
   188  0070                     ?_uart_transmit:	
   189                           ; 1 bytes @ 0x0
   190                           
   191  0070                     ??_uart_transmit:	
   192                           ; 1 bytes @ 0x0
   193                           
   194  0070                     ?_spi_slave_init:	
   195                           ; 1 bytes @ 0x0
   196                           
   197  0070                     ??_spi_slave_init:	
   198                           ; 1 bytes @ 0x0
   199                           
   200  0070                     ?_spi_read_char:	
   201                           ; 1 bytes @ 0x0
   202                           
   203  0070                     ?_main:	
   204                           ; 1 bytes @ 0x0
   205                           
   206  0070                     ?_slave_on:	
   207                           ; 1 bytes @ 0x0
   208                           
   209  0070                     uart_transmit@b:	
   210                           ; 2 bytes @ 0x0
   211                           
   212                           
   213                           ; 1 bytes @ 0x0
   214  0070                     	ds	1
   215  0071                     ??_spi_read_char:	
   216  0071                     uart_receive@b:	
   217                           ; 1 bytes @ 0x1
   218                           
   219                           
   220                           ; 1 bytes @ 0x1
   221  0071                     	ds	2
   222  0073                     ??_slave_on:	
   223  0073                     uart_to_spi@str:	
   224                           ; 1 bytes @ 0x3
   225                           
   226  0073                     slave_on@x:	
   227                           ; 1 bytes @ 0x3
   228                           
   229                           
   230                           ; 1 bytes @ 0x3
   231  0073                     	ds	1
   232  0074                     ??_uart_str_receive:	
   233                           
   234                           ; 1 bytes @ 0x4
   235  0074                     	ds	1
   236  0075                     ??_main:	
   237                           
   238                           ; 1 bytes @ 0x5
   239  0075                     	ds	3
   240  0078                     main@i:	
   241                           
   242                           ; 2 bytes @ 0x8
   243  0078                     	ds	2
   244  007A                     main@space_check:	
   245                           
   246                           ; 2 bytes @ 0xA
   247  007A                     	ds	2
   248                           
   249                           	psect	cstackBANK0
   250  0020                     __pcstackBANK0:	
   251  0020                     uart_str_receive@c:	
   252                           
   253                           ; 50 bytes @ 0x0
   254  0020                     	ds	50
   255  0052                     uart_str_receive@x:	
   256                           
   257                           ; 2 bytes @ 0x32
   258  0052                     	ds	2
   259  0054                     uart_str_receive@i:	
   260                           
   261                           ; 2 bytes @ 0x34
   262  0054                     	ds	2
   263                           
   264                           	psect	maintext
   265  079E                     __pmaintext:	
   266 ;;
   267 ;;Main: autosize = 0, tempsize = 3, incstack = 0, save=0
   268 ;;
   269 ;; *************** function _main *****************
   270 ;; Defined at:
   271 ;;		line 154 in file "newmain.c"
   272 ;; Parameters:    Size  Location     Type
   273 ;;		None
   274 ;; Auto vars:     Size  Location     Type
   275 ;;  space_check     2   10[COMMON] int 
   276 ;;  i               2    8[COMMON] int 
   277 ;; Return value:  Size  Location     Type
   278 ;;                  1    wreg      void 
   279 ;; Registers used:
   280 ;;		wreg, fsr0l, fsr0h, status,2, status,0, btemp+1, pclath, cstack
   281 ;; Tracked objects:
   282 ;;		On entry : B00/0
   283 ;;		On exit  : 0/0
   284 ;;		Unchanged: 0/0
   285 ;; Data sizes:     COMMON   BANK0   BANK1   BANK3   BANK2
   286 ;;      Params:         0       0       0       0       0
   287 ;;      Locals:         4       0       0       0       0
   288 ;;      Temps:          3       0       0       0       0
   289 ;;      Totals:         7       0       0       0       0
   290 ;;Total ram usage:        7 bytes
   291 ;; Hardware stack levels required when called:    2
   292 ;; This function calls:
   293 ;;		_spi_master_init
   294 ;;		_spi_read_char
   295 ;;		_spi_slave_init
   296 ;;		_uart_init
   297 ;;		_uart_str_receive
   298 ;; This function is called by:
   299 ;;		Startup code after reset
   300 ;; This function uses a non-reentrant model
   301 ;;
   302                           
   303                           
   304                           ;psect for function _main
   305  079E                     _main:	
   306                           
   307                           ;newmain.c: 156: TRISB0=1;RB0=0;_delay((unsigned long)((10)*(16000000/4000.0)));
   308                           
   309                           ;incstack = 0
   310                           ; Regs used in _main: [wreg-fsr0h+status,2+status,0+btemp+1+pclath+cstack]
   311  079E  1683               	bsf	3,5	;RP0=1, select bank1
   312  079F  1303               	bcf	3,6	;RP1=0, select bank1
   313  07A0  1406               	bsf	6,0	;volatile
   314  07A1  1283               	bcf	3,5	;RP0=0, select bank0
   315  07A2  1303               	bcf	3,6	;RP1=0, select bank0
   316  07A3  1006               	bcf	6,0	;volatile
   317  07A4  3034               	movlw	52
   318  07A5  00F6               	movwf	??_main+1
   319  07A6  30F1               	movlw	241
   320  07A7  00F5               	movwf	??_main
   321  07A8                     u307:	
   322  07A8  0BF5               	decfsz	??_main,f
   323  07A9  2FA8               	goto	u307
   324  07AA  0BF6               	decfsz	??_main+1,f
   325  07AB  2FA8               	goto	u307
   326  07AC  2FAD               	nop2
   327                           
   328                           ;newmain.c: 157: int i=0,space_check=0;
   329  07AD  01F8               	clrf	main@i
   330  07AE  01F9               	clrf	main@i+1
   331  07AF  01FA               	clrf	main@space_check
   332  07B0  01FB               	clrf	main@space_check+1
   333                           
   334                           ;newmain.c: 161: if(RB0==1)
   335  07B1  1283               	bcf	3,5	;RP0=0, select bank0
   336  07B2  1303               	bcf	3,6	;RP1=0, select bank0
   337  07B3  1C06               	btfss	6,0	;volatile
   338  07B4  2FD1               	goto	l113
   339                           
   340                           ;newmain.c: 162: {
   341                           ;newmain.c: 163: uart_init();
   342  07B5  120A  118A  26B7  120A  118A  	fcall	_uart_init
   343                           
   344                           ;newmain.c: 164: spi_master_init();
   345  07BA  120A  118A  26C6  120A  118A  	fcall	_spi_master_init
   346                           
   347                           ;newmain.c: 165: _delay((unsigned long)((100)*(16000000/4000.0)));
   348  07BF  3003               	movlw	3
   349  07C0  00F7               	movwf	??_main+2
   350  07C1  3008               	movlw	8
   351  07C2  00F6               	movwf	??_main+1
   352  07C3  3077               	movlw	119
   353  07C4  00F5               	movwf	??_main
   354  07C5                     u317:	
   355  07C5  0BF5               	decfsz	??_main,f
   356  07C6  2FC5               	goto	u317
   357  07C7  0BF6               	decfsz	??_main+1,f
   358  07C8  2FC5               	goto	u317
   359  07C9  0BF7               	decfsz	??_main+2,f
   360  07CA  2FC5               	goto	u317
   361  07CB                     l796:	
   362                           ;newmain.c: 166: while(1)
   363                           
   364                           
   365                           ;newmain.c: 167: {
   366                           ;newmain.c: 168: uart_str_receive();
   367  07CB  120A  118A  2744  120A  118A  	fcall	_uart_str_receive
   368  07D0  2FCB               	goto	l796
   369  07D1                     l113:	
   370                           
   371                           ;newmain.c: 170: }
   372                           ;newmain.c: 171: }
   373                           ;newmain.c: 174: if(RB0==0)
   374  07D1  1283               	bcf	3,5	;RP0=0, select bank0
   375  07D2  1303               	bcf	3,6	;RP1=0, select bank0
   376  07D3  1806               	btfsc	6,0	;volatile
   377  07D4  2FF7               	goto	l124
   378                           
   379                           ;newmain.c: 175: {
   380                           ;newmain.c: 176: spi_slave_init();
   381  07D5  120A  118A  26AA  120A  118A  	fcall	_spi_slave_init
   382                           
   383                           ;newmain.c: 177: uart_init();
   384  07DA  120A  118A  26B7  120A  118A  	fcall	_uart_init
   385                           
   386                           ;newmain.c: 178: _delay((unsigned long)((200)*(16000000/4000.0)));
   387  07DF  3005               	movlw	5
   388  07E0  00F7               	movwf	??_main+2
   389  07E1  300F               	movlw	15
   390  07E2  00F6               	movwf	??_main+1
   391  07E3  30F1               	movlw	241
   392  07E4  00F5               	movwf	??_main
   393  07E5                     u327:	
   394  07E5  0BF5               	decfsz	??_main,f
   395  07E6  2FE5               	goto	u327
   396  07E7  0BF6               	decfsz	??_main+1,f
   397  07E8  2FE5               	goto	u327
   398  07E9  0BF7               	decfsz	??_main+2,f
   399  07EA  2FE5               	goto	u327
   400  07EB                     l804:	
   401                           ;newmain.c: 180: {
   402                           ;newmain.c: 181: while(SSPBUF!=' ')
   403                           
   404                           ;newmain.c: 179: while(1)
   405                           
   406  07EB  3020               	movlw	32
   407  07EC  1283               	bcf	3,5	;RP0=0, select bank0
   408  07ED  1303               	bcf	3,6	;RP1=0, select bank0
   409  07EE  0613               	xorwf	19,w	;volatile
   410  07EF  1903               	btfsc	3,2
   411  07F0  2FEB               	goto	l804
   412                           
   413                           ;newmain.c: 182: {
   414                           ;newmain.c: 183: spi_read_char();
   415  07F1  120A  118A  26DB  120A  118A  	fcall	_spi_read_char
   416  07F6  2FEB               	goto	l804
   417  07F7                     l124:	
   418  07F7  120A  118A  2800   	ljmp	start
   419  07FA                     __end_of_main:	
   420                           
   421                           	psect	text1
   422  0744                     __ptext1:	
   423 ;; *************** function _uart_str_receive *****************
   424 ;; Defined at:
   425 ;;		line 114 in file "newmain.c"
   426 ;; Parameters:    Size  Location     Type
   427 ;;		None
   428 ;; Auto vars:     Size  Location     Type
   429 ;;  i               2   52[BANK0 ] int 
   430 ;;  c              50    0[BANK0 ] unsigned char [50]
   431 ;;  x               2   50[BANK0 ] int 
   432 ;; Return value:  Size  Location     Type
   433 ;;                  1    wreg      void 
   434 ;; Registers used:
   435 ;;		wreg, fsr0l, fsr0h, status,2, status,0, btemp+1, pclath, cstack
   436 ;; Tracked objects:
   437 ;;		On entry : 0/0
   438 ;;		On exit  : 0/0
   439 ;;		Unchanged: 0/0
   440 ;; Data sizes:     COMMON   BANK0   BANK1   BANK3   BANK2
   441 ;;      Params:         0       0       0       0       0
   442 ;;      Locals:         0      54       0       0       0
   443 ;;      Temps:          1       0       0       0       0
   444 ;;      Totals:         1      54       0       0       0
   445 ;;Total ram usage:       55 bytes
   446 ;; Hardware stack levels used:    1
   447 ;; Hardware stack levels required when called:    1
   448 ;; This function calls:
   449 ;;		_slave_on
   450 ;;		_uart_receive
   451 ;;		_uart_to_spi
   452 ;; This function is called by:
   453 ;;		_main
   454 ;; This function uses a non-reentrant model
   455 ;;
   456                           
   457                           
   458                           ;psect for function _uart_str_receive
   459  0744                     _uart_str_receive:	
   460                           
   461                           ;newmain.c: 116: char c[50];
   462                           ;newmain.c: 117: for(int i=0;i<50;i++)
   463                           
   464                           ;incstack = 0
   465                           ; Regs used in _uart_str_receive: [wreg-fsr0h+status,2+status,0+btemp+1+pclath+cstack]
   466  0744  1283               	bcf	3,5	;RP0=0, select bank0
   467  0745  1303               	bcf	3,6	;RP1=0, select bank0
   468  0746  01D4               	clrf	uart_str_receive@i
   469  0747  01D5               	clrf	uart_str_receive@i+1
   470  0748  0855               	movf	uart_str_receive@i+1,w
   471  0749  3A80               	xorlw	128
   472  074A  00FF               	movwf	127
   473  074B  3080               	movlw	128
   474  074C  027F               	subwf	127,w
   475  074D  1D03               	skipz
   476  074E  2F51               	goto	u235
   477  074F  3032               	movlw	50
   478  0750  0254               	subwf	uart_str_receive@i,w
   479  0751                     u235:	
   480  0751  1803               	btfsc	3,0
   481  0752  2F99               	goto	l780
   482  0753                     l768:	
   483                           
   484                           ;newmain.c: 118: {
   485                           ;newmain.c: 119: c[i]=uart_receive();
   486  0753  120A  118A  26A0  120A  118A  	fcall	_uart_receive
   487  0758  00F4               	movwf	??_uart_str_receive
   488  0759  1283               	bcf	3,5	;RP0=0, select bank0
   489  075A  1303               	bcf	3,6	;RP1=0, select bank0
   490  075B  0854               	movf	uart_str_receive@i,w
   491  075C  3E20               	addlw	(low (uart_str_receive@c| 0))& (0+255)
   492  075D  0084               	movwf	4
   493  075E  0874               	movf	??_uart_str_receive,w
   494  075F  1383               	bcf	3,7	;select IRP bank0
   495  0760  0080               	movwf	0
   496                           
   497                           ;newmain.c: 120: x=slave_on(c[i]);
   498  0761  0854               	movf	uart_str_receive@i,w
   499  0762  3E20               	addlw	(low (uart_str_receive@c| 0))& (0+255)
   500  0763  0084               	movwf	4
   501  0764  0800               	movf	0,w
   502  0765  120A  118A  2719  120A  118A  	fcall	_slave_on
   503  076A  0871               	movf	?_slave_on+1,w
   504  076B  1283               	bcf	3,5	;RP0=0, select bank0
   505  076C  1303               	bcf	3,6	;RP1=0, select bank0
   506  076D  00D3               	movwf	uart_str_receive@x+1
   507  076E  0870               	movf	?_slave_on,w
   508  076F  00D2               	movwf	uart_str_receive@x
   509                           
   510                           ;newmain.c: 121: if(c[i]==' ')
   511  0770  0854               	movf	uart_str_receive@i,w
   512  0771  3E20               	addlw	(low (uart_str_receive@c| 0))& (0+255)
   513  0772  0084               	movwf	4
   514  0773  3020               	movlw	32
   515  0774  1383               	bcf	3,7	;select IRP bank0
   516  0775  0600               	xorwf	0,w
   517  0776  1D03               	btfss	3,2
   518  0777  2F7E               	goto	l774
   519                           
   520                           ;newmain.c: 122: {
   521                           ;newmain.c: 123: c[i+1]='\0';
   522  0778  0854               	movf	uart_str_receive@i,w
   523  0779  3E01               	addlw	1
   524  077A  3E20               	addlw	(low (uart_str_receive@c| 0))& (0+255)
   525  077B  0084               	movwf	4
   526  077C  0180               	clrf	0
   527                           
   528                           ;newmain.c: 124: break;
   529  077D  2F99               	goto	l780
   530  077E                     l774:	
   531                           
   532                           ;newmain.c: 125: }
   533                           ;newmain.c: 126: if(x==1)
   534  077E  0352               	decf	uart_str_receive@x,w
   535  077F  0453               	iorwf	uart_str_receive@x+1,w
   536  0780  1D03               	btfss	3,2
   537  0781  2F88               	goto	l89
   538                           
   539                           ;newmain.c: 127: {
   540                           ;newmain.c: 128: i--;
   541  0782  30FF               	movlw	255
   542  0783  07D4               	addwf	uart_str_receive@i,f
   543  0784  1803               	skipnc
   544  0785  0AD5               	incf	uart_str_receive@i+1,f
   545  0786  30FF               	movlw	255
   546  0787  07D5               	addwf	uart_str_receive@i+1,f
   547  0788                     l89:	
   548  0788  3001               	movlw	1
   549  0789  07D4               	addwf	uart_str_receive@i,f
   550  078A  1803               	skipnc
   551  078B  0AD5               	incf	uart_str_receive@i+1,f
   552  078C  3000               	movlw	0
   553  078D  07D5               	addwf	uart_str_receive@i+1,f
   554  078E  0855               	movf	uart_str_receive@i+1,w
   555  078F  3A80               	xorlw	128
   556  0790  00FF               	movwf	127
   557  0791  3080               	movlw	128
   558  0792  027F               	subwf	127,w
   559  0793  1D03               	skipz
   560  0794  2F97               	goto	u265
   561  0795  3032               	movlw	50
   562  0796  0254               	subwf	uart_str_receive@i,w
   563  0797                     u265:	
   564  0797  1C03               	skipc
   565  0798  2F53               	goto	l768
   566  0799                     l780:	
   567                           
   568                           ;newmain.c: 129: }
   569                           ;newmain.c: 130: }
   570                           ;newmain.c: 131: uart_to_spi(c);
   571  0799  3020               	movlw	(low (uart_str_receive@c| 0))& (0+255)
   572  079A  120A  118A  26F6   	fcall	_uart_to_spi
   573  079D  0008               	return
   574  079E                     __end_of_uart_str_receive:	
   575                           
   576                           	psect	text2
   577  06F6                     __ptext2:	
   578 ;; *************** function _uart_to_spi *****************
   579 ;; Defined at:
   580 ;;		line 77 in file "newmain.c"
   581 ;; Parameters:    Size  Location     Type
   582 ;;  str             1    wreg     PTR unsigned char 
   583 ;;		 -> uart_str_receive@c(50), 
   584 ;; Auto vars:     Size  Location     Type
   585 ;;  str             1    3[COMMON] PTR unsigned char 
   586 ;;		 -> uart_str_receive@c(50), 
   587 ;; Return value:  Size  Location     Type
   588 ;;                  1    wreg      void 
   589 ;; Registers used:
   590 ;;		wreg, fsr0l, fsr0h, status,2, status,0
   591 ;; Tracked objects:
   592 ;;		On entry : 0/0
   593 ;;		On exit  : 0/0
   594 ;;		Unchanged: 0/0
   595 ;; Data sizes:     COMMON   BANK0   BANK1   BANK3   BANK2
   596 ;;      Params:         0       0       0       0       0
   597 ;;      Locals:         1       0       0       0       0
   598 ;;      Temps:          3       0       0       0       0
   599 ;;      Totals:         4       0       0       0       0
   600 ;;Total ram usage:        4 bytes
   601 ;; Hardware stack levels used:    1
   602 ;; This function calls:
   603 ;;		Nothing
   604 ;; This function is called by:
   605 ;;		_uart_str_receive
   606 ;; This function uses a non-reentrant model
   607 ;;
   608                           
   609                           
   610                           ;psect for function _uart_to_spi
   611  06F6                     _uart_to_spi:	
   612                           
   613                           ;incstack = 0
   614                           ; Regs used in _uart_to_spi: [wreg-fsr0h+status,2+status,0]
   615                           ;uart_to_spi@str stored from wreg
   616  06F6  00F3               	movwf	uart_to_spi@str
   617  06F7                     l732:	
   618                           ;newmain.c: 79: while(*str!='\0')
   619                           
   620  06F7  0873               	movf	uart_to_spi@str,w
   621  06F8  0084               	movwf	4
   622  06F9  1383               	bcf	3,7	;select IRP bank0
   623  06FA  0800               	movf	0,w
   624  06FB  1903               	btfsc	3,2
   625  06FC  0008               	return
   626                           
   627                           ;newmain.c: 80: {
   628                           ;newmain.c: 81: SSPBUF=*str;
   629  06FD  0873               	movf	uart_to_spi@str,w
   630  06FE  0084               	movwf	4
   631  06FF  1383               	bcf	3,7	;select IRP bank0
   632  0700  0800               	movf	0,w
   633  0701  1283               	bcf	3,5	;RP0=0, select bank0
   634  0702  1303               	bcf	3,6	;RP1=0, select bank0
   635  0703  0093               	movwf	19	;volatile
   636  0704                     l71:	
   637                           ;newmain.c: 82: while(!BF);
   638                           
   639  0704  1683               	bsf	3,5	;RP0=1, select bank1
   640  0705  1303               	bcf	3,6	;RP1=0, select bank1
   641  0706  1C14               	btfss	20,0	;volatile
   642  0707  2F04               	goto	l71
   643                           
   644                           ;newmain.c: 83: _delay((unsigned long)((100)*(16000000/4000.0)));
   645  0708  3003               	movlw	3
   646  0709  00F2               	movwf	??_uart_to_spi+2
   647  070A  3008               	movlw	8
   648  070B  00F1               	movwf	??_uart_to_spi+1
   649  070C  3077               	movlw	119
   650  070D  00F0               	movwf	??_uart_to_spi
   651  070E                     u337:	
   652  070E  0BF0               	decfsz	??_uart_to_spi,f
   653  070F  2F0E               	goto	u337
   654  0710  0BF1               	decfsz	??_uart_to_spi+1,f
   655  0711  2F0E               	goto	u337
   656  0712  0BF2               	decfsz	??_uart_to_spi+2,f
   657  0713  2F0E               	goto	u337
   658                           
   659                           ;newmain.c: 84: str++;
   660  0714  3001               	movlw	1
   661  0715  00F0               	movwf	??_uart_to_spi
   662  0716  0870               	movf	??_uart_to_spi,w
   663  0717  07F3               	addwf	uart_to_spi@str,f
   664  0718  2EF7               	goto	l732
   665  0719                     __end_of_uart_to_spi:	
   666                           
   667                           	psect	text3
   668  06A0                     __ptext3:	
   669 ;; *************** function _uart_receive *****************
   670 ;; Defined at:
   671 ;;		line 71 in file "newmain.c"
   672 ;; Parameters:    Size  Location     Type
   673 ;;		None
   674 ;; Auto vars:     Size  Location     Type
   675 ;;  b               1    1[COMMON] unsigned char 
   676 ;; Return value:  Size  Location     Type
   677 ;;                  1    wreg      unsigned char 
   678 ;; Registers used:
   679 ;;		wreg
   680 ;; Tracked objects:
   681 ;;		On entry : 0/0
   682 ;;		On exit  : 0/0
   683 ;;		Unchanged: 0/0
   684 ;; Data sizes:     COMMON   BANK0   BANK1   BANK3   BANK2
   685 ;;      Params:         0       0       0       0       0
   686 ;;      Locals:         1       0       0       0       0
   687 ;;      Temps:          1       0       0       0       0
   688 ;;      Totals:         2       0       0       0       0
   689 ;;Total ram usage:        2 bytes
   690 ;; Hardware stack levels used:    1
   691 ;; This function calls:
   692 ;;		Nothing
   693 ;; This function is called by:
   694 ;;		_uart_str_receive
   695 ;; This function uses a non-reentrant model
   696 ;;
   697                           
   698                           
   699                           ;psect for function _uart_receive
   700  06A0                     _uart_receive:	
   701  06A0                     l63:	
   702                           ;newmain.c: 73: while(!RCIF);
   703                           
   704                           ;incstack = 0
   705                           ; Regs used in _uart_receive: [wreg]
   706                           
   707  06A0  1283               	bcf	3,5	;RP0=0, select bank0
   708  06A1  1303               	bcf	3,6	;RP1=0, select bank0
   709  06A2  1E8C               	btfss	12,5	;volatile
   710  06A3  2EA0               	goto	l63
   711                           
   712                           ;newmain.c: 74: char b=RCREG;
   713  06A4  081A               	movf	26,w	;volatile
   714  06A5  00F0               	movwf	??_uart_receive
   715  06A6  0870               	movf	??_uart_receive,w
   716  06A7  00F1               	movwf	uart_receive@b
   717                           
   718                           ;newmain.c: 75: return b;
   719  06A8  0871               	movf	uart_receive@b,w
   720  06A9  0008               	return
   721  06AA                     __end_of_uart_receive:	
   722                           
   723                           	psect	text4
   724  0719                     __ptext4:	
   725 ;; *************** function _slave_on *****************
   726 ;; Defined at:
   727 ;;		line 89 in file "newmain.c"
   728 ;; Parameters:    Size  Location     Type
   729 ;;  x               1    wreg     unsigned char 
   730 ;; Auto vars:     Size  Location     Type
   731 ;;  x               1    3[COMMON] unsigned char 
   732 ;; Return value:  Size  Location     Type
   733 ;;                  2    0[COMMON] int 
   734 ;; Registers used:
   735 ;;		wreg, status,2, status,0
   736 ;; Tracked objects:
   737 ;;		On entry : 0/0
   738 ;;		On exit  : 0/0
   739 ;;		Unchanged: 0/0
   740 ;; Data sizes:     COMMON   BANK0   BANK1   BANK3   BANK2
   741 ;;      Params:         3       0       0       0       0
   742 ;;      Locals:         1       0       0       0       0
   743 ;;      Temps:          0       0       0       0       0
   744 ;;      Totals:         4       0       0       0       0
   745 ;;Total ram usage:        4 bytes
   746 ;; Hardware stack levels used:    1
   747 ;; This function calls:
   748 ;;		Nothing
   749 ;; This function is called by:
   750 ;;		_uart_str_receive
   751 ;; This function uses a non-reentrant model
   752 ;;
   753                           
   754                           
   755                           ;psect for function _slave_on
   756  0719                     _slave_on:	
   757                           
   758                           ;incstack = 0
   759                           ; Regs used in _slave_on: [wreg+status,2+status,0]
   760                           ;slave_on@x stored from wreg
   761  0719  00F3               	movwf	slave_on@x
   762                           
   763                           ;newmain.c: 91: if(x=='1')
   764  071A  3031               	movlw	49
   765  071B  0673               	xorwf	slave_on@x,w
   766  071C  1D03               	btfss	3,2
   767  071D  2F28               	goto	l744
   768                           
   769                           ;newmain.c: 92: {
   770                           ;newmain.c: 93: RB1=0;
   771  071E  1283               	bcf	3,5	;RP0=0, select bank0
   772  071F  1303               	bcf	3,6	;RP1=0, select bank0
   773  0720  1086               	bcf	6,1	;volatile
   774                           
   775                           ;newmain.c: 94: RB2=1;
   776  0721  1506               	bsf	6,2	;volatile
   777                           
   778                           ;newmain.c: 95: RB3=1;
   779  0722  1586               	bsf	6,3	;volatile
   780                           
   781                           ;newmain.c: 96: return 1;
   782  0723  3001               	movlw	1
   783  0724  00F0               	movwf	?_slave_on
   784  0725  3000               	movlw	0
   785  0726  00F1               	movwf	?_slave_on+1
   786                           
   787                           ;newmain.c: 97: }
   788  0727  0008               	return
   789  0728                     l744:	
   790                           
   791                           ;newmain.c: 98: else if(x=='2')
   792  0728  3032               	movlw	50
   793  0729  0673               	xorwf	slave_on@x,w
   794  072A  1D03               	btfss	3,2
   795  072B  2F36               	goto	l754
   796                           
   797                           ;newmain.c: 99: {
   798                           ;newmain.c: 100: RB1=1;
   799  072C  1283               	bcf	3,5	;RP0=0, select bank0
   800  072D  1303               	bcf	3,6	;RP1=0, select bank0
   801  072E  1486               	bsf	6,1	;volatile
   802                           
   803                           ;newmain.c: 101: RB2=0;
   804  072F  1106               	bcf	6,2	;volatile
   805                           
   806                           ;newmain.c: 102: RB3=1;
   807  0730  1586               	bsf	6,3	;volatile
   808                           
   809                           ;newmain.c: 103: return 1;
   810  0731  3001               	movlw	1
   811  0732  00F0               	movwf	?_slave_on
   812  0733  3000               	movlw	0
   813  0734  00F1               	movwf	?_slave_on+1
   814                           
   815                           ;newmain.c: 104: }
   816  0735  0008               	return
   817  0736                     l754:	
   818                           
   819                           ;newmain.c: 105: else if(x=='3')
   820  0736  3033               	movlw	51
   821  0737  0673               	xorwf	slave_on@x,w
   822  0738  1D03               	btfss	3,2
   823  0739  0008               	return
   824                           
   825                           ;newmain.c: 106: {
   826                           ;newmain.c: 107: RB1=1;
   827  073A  1283               	bcf	3,5	;RP0=0, select bank0
   828  073B  1303               	bcf	3,6	;RP1=0, select bank0
   829  073C  1486               	bsf	6,1	;volatile
   830                           
   831                           ;newmain.c: 108: RB2=1;
   832  073D  1506               	bsf	6,2	;volatile
   833                           
   834                           ;newmain.c: 109: RB3=0;
   835  073E  1186               	bcf	6,3	;volatile
   836                           
   837                           ;newmain.c: 110: return 1;
   838  073F  3001               	movlw	1
   839  0740  00F0               	movwf	?_slave_on
   840  0741  3000               	movlw	0
   841  0742  00F1               	movwf	?_slave_on+1
   842  0743  0008               	return
   843  0744                     __end_of_slave_on:	
   844                           
   845                           	psect	text5
   846  06B7                     __ptext5:	
   847 ;; *************** function _uart_init *****************
   848 ;; Defined at:
   849 ;;		line 62 in file "newmain.c"
   850 ;; Parameters:    Size  Location     Type
   851 ;;		None
   852 ;; Auto vars:     Size  Location     Type
   853 ;;		None
   854 ;; Return value:  Size  Location     Type
   855 ;;                  1    wreg      void 
   856 ;; Registers used:
   857 ;;		wreg
   858 ;; Tracked objects:
   859 ;;		On entry : 0/0
   860 ;;		On exit  : 0/0
   861 ;;		Unchanged: 0/0
   862 ;; Data sizes:     COMMON   BANK0   BANK1   BANK3   BANK2
   863 ;;      Params:         0       0       0       0       0
   864 ;;      Locals:         0       0       0       0       0
   865 ;;      Temps:          0       0       0       0       0
   866 ;;      Totals:         0       0       0       0       0
   867 ;;Total ram usage:        0 bytes
   868 ;; Hardware stack levels used:    1
   869 ;; This function calls:
   870 ;;		Nothing
   871 ;; This function is called by:
   872 ;;		_main
   873 ;; This function uses a non-reentrant model
   874 ;;
   875                           
   876                           
   877                           ;psect for function _uart_init
   878  06B7                     _uart_init:	
   879                           
   880                           ;newmain.c: 64: TXSTA=0x24;
   881                           
   882                           ;incstack = 0
   883                           ; Regs used in _uart_init: [wreg]
   884  06B7  3024               	movlw	36
   885  06B8  1683               	bsf	3,5	;RP0=1, select bank1
   886  06B9  1303               	bcf	3,6	;RP1=0, select bank1
   887  06BA  0098               	movwf	24	;volatile
   888                           
   889                           ;newmain.c: 65: RCSTA=0x90;
   890  06BB  3090               	movlw	144
   891  06BC  1283               	bcf	3,5	;RP0=0, select bank0
   892  06BD  1303               	bcf	3,6	;RP1=0, select bank0
   893  06BE  0098               	movwf	24	;volatile
   894                           
   895                           ;newmain.c: 66: SPBRG=103;
   896  06BF  3067               	movlw	103
   897  06C0  1683               	bsf	3,5	;RP0=1, select bank1
   898  06C1  1303               	bcf	3,6	;RP1=0, select bank1
   899  06C2  0099               	movwf	25	;volatile
   900                           
   901                           ;newmain.c: 67: TRISC6=0;
   902  06C3  1307               	bcf	7,6	;volatile
   903                           
   904                           ;newmain.c: 68: TRISC7=1;
   905  06C4  1787               	bsf	7,7	;volatile
   906  06C5  0008               	return
   907  06C6                     __end_of_uart_init:	
   908                           
   909                           	psect	text6
   910  06AA                     __ptext6:	
   911 ;; *************** function _spi_slave_init *****************
   912 ;; Defined at:
   913 ;;		line 138 in file "newmain.c"
   914 ;; Parameters:    Size  Location     Type
   915 ;;		None
   916 ;; Auto vars:     Size  Location     Type
   917 ;;		None
   918 ;; Return value:  Size  Location     Type
   919 ;;                  1    wreg      void 
   920 ;; Registers used:
   921 ;;		wreg, status,2
   922 ;; Tracked objects:
   923 ;;		On entry : 0/0
   924 ;;		On exit  : 0/0
   925 ;;		Unchanged: 0/0
   926 ;; Data sizes:     COMMON   BANK0   BANK1   BANK3   BANK2
   927 ;;      Params:         0       0       0       0       0
   928 ;;      Locals:         0       0       0       0       0
   929 ;;      Temps:          0       0       0       0       0
   930 ;;      Totals:         0       0       0       0       0
   931 ;;Total ram usage:        0 bytes
   932 ;; Hardware stack levels used:    1
   933 ;; This function calls:
   934 ;;		Nothing
   935 ;; This function is called by:
   936 ;;		_main
   937 ;; This function uses a non-reentrant model
   938 ;;
   939                           
   940                           
   941                           ;psect for function _spi_slave_init
   942  06AA                     _spi_slave_init:	
   943                           
   944                           ;newmain.c: 140: SSPSTAT=0x00;
   945                           
   946                           ;incstack = 0
   947                           ; Regs used in _spi_slave_init: [wreg+status,2]
   948  06AA  1683               	bsf	3,5	;RP0=1, select bank1
   949  06AB  1303               	bcf	3,6	;RP1=0, select bank1
   950  06AC  0194               	clrf	20	;volatile
   951                           
   952                           ;newmain.c: 141: SSPCON=0x24;
   953  06AD  3024               	movlw	36
   954  06AE  1283               	bcf	3,5	;RP0=0, select bank0
   955  06AF  1303               	bcf	3,6	;RP1=0, select bank0
   956  06B0  0094               	movwf	20	;volatile
   957                           
   958                           ;newmain.c: 142: TRISC3=1;
   959  06B1  1683               	bsf	3,5	;RP0=1, select bank1
   960  06B2  1303               	bcf	3,6	;RP1=0, select bank1
   961  06B3  1587               	bsf	7,3	;volatile
   962                           
   963                           ;newmain.c: 143: TRISC5=0;
   964  06B4  1287               	bcf	7,5	;volatile
   965                           
   966                           ;newmain.c: 144: TRISC4=1;
   967  06B5  1607               	bsf	7,4	;volatile
   968  06B6  0008               	return
   969  06B7                     __end_of_spi_slave_init:	
   970                           
   971                           	psect	text7
   972  06DB                     __ptext7:	
   973 ;; *************** function _spi_read_char *****************
   974 ;; Defined at:
   975 ;;		line 147 in file "newmain.c"
   976 ;; Parameters:    Size  Location     Type
   977 ;;		None
   978 ;; Auto vars:     Size  Location     Type
   979 ;;		None
   980 ;; Return value:  Size  Location     Type
   981 ;;                  1    wreg      void 
   982 ;; Registers used:
   983 ;;		wreg, status,2, status,0, pclath, cstack
   984 ;; Tracked objects:
   985 ;;		On entry : 0/0
   986 ;;		On exit  : 0/0
   987 ;;		Unchanged: 0/0
   988 ;; Data sizes:     COMMON   BANK0   BANK1   BANK3   BANK2
   989 ;;      Params:         0       0       0       0       0
   990 ;;      Locals:         0       0       0       0       0
   991 ;;      Temps:          3       0       0       0       0
   992 ;;      Totals:         3       0       0       0       0
   993 ;;Total ram usage:        3 bytes
   994 ;; Hardware stack levels used:    1
   995 ;; Hardware stack levels required when called:    1
   996 ;; This function calls:
   997 ;;		_uart_transmit
   998 ;; This function is called by:
   999 ;;		_main
  1000 ;; This function uses a non-reentrant model
  1001 ;;
  1002                           
  1003                           
  1004                           ;psect for function _spi_read_char
  1005  06DB                     _spi_read_char:	
  1006  06DB                     l102:	
  1007                           ;newmain.c: 149: while(!SSPIF);
  1008                           
  1009                           ;incstack = 0
  1010                           ; Regs used in _spi_read_char: [wreg+status,2+status,0+pclath+cstack]
  1011                           
  1012  06DB  1283               	bcf	3,5	;RP0=0, select bank0
  1013  06DC  1303               	bcf	3,6	;RP1=0, select bank0
  1014  06DD  1D8C               	btfss	12,3	;volatile
  1015  06DE  2EDB               	goto	l102
  1016                           
  1017                           ;newmain.c: 150: uart_transmit(SSPBUF);
  1018  06DF  0813               	movf	19,w	;volatile
  1019  06E0  120A  118A  2696  120A  118A  	fcall	_uart_transmit
  1020  06E5                     l105:	
  1021                           ;newmain.c: 151: while(BF);
  1022                           
  1023  06E5  1683               	bsf	3,5	;RP0=1, select bank1
  1024  06E6  1303               	bcf	3,6	;RP1=0, select bank1
  1025  06E7  1814               	btfsc	20,0	;volatile
  1026  06E8  2EE5               	goto	l105
  1027                           
  1028                           ;newmain.c: 152: _delay((unsigned long)((100)*(16000000/4000.0)));
  1029  06E9  3003               	movlw	3
  1030  06EA  00F3               	movwf	??_spi_read_char+2
  1031  06EB  3008               	movlw	8
  1032  06EC  00F2               	movwf	??_spi_read_char+1
  1033  06ED  3077               	movlw	119
  1034  06EE  00F1               	movwf	??_spi_read_char
  1035  06EF                     u347:	
  1036  06EF  0BF1               	decfsz	??_spi_read_char,f
  1037  06F0  2EEF               	goto	u347
  1038  06F1  0BF2               	decfsz	??_spi_read_char+1,f
  1039  06F2  2EEF               	goto	u347
  1040  06F3  0BF3               	decfsz	??_spi_read_char+2,f
  1041  06F4  2EEF               	goto	u347
  1042  06F5  0008               	return
  1043  06F6                     __end_of_spi_read_char:	
  1044                           
  1045                           	psect	text8
  1046  0696                     __ptext8:	
  1047 ;; *************** function _uart_transmit *****************
  1048 ;; Defined at:
  1049 ;;		line 133 in file "newmain.c"
  1050 ;; Parameters:    Size  Location     Type
  1051 ;;  b               1    wreg     unsigned char 
  1052 ;; Auto vars:     Size  Location     Type
  1053 ;;  b               1    0[COMMON] unsigned char 
  1054 ;; Return value:  Size  Location     Type
  1055 ;;                  1    wreg      void 
  1056 ;; Registers used:
  1057 ;;		wreg
  1058 ;; Tracked objects:
  1059 ;;		On entry : 0/0
  1060 ;;		On exit  : 0/0
  1061 ;;		Unchanged: 0/0
  1062 ;; Data sizes:     COMMON   BANK0   BANK1   BANK3   BANK2
  1063 ;;      Params:         0       0       0       0       0
  1064 ;;      Locals:         1       0       0       0       0
  1065 ;;      Temps:          0       0       0       0       0
  1066 ;;      Totals:         1       0       0       0       0
  1067 ;;Total ram usage:        1 bytes
  1068 ;; Hardware stack levels used:    1
  1069 ;; This function calls:
  1070 ;;		Nothing
  1071 ;; This function is called by:
  1072 ;;		_spi_read_char
  1073 ;; This function uses a non-reentrant model
  1074 ;;
  1075                           
  1076                           
  1077                           ;psect for function _uart_transmit
  1078  0696                     _uart_transmit:	
  1079                           
  1080                           ;incstack = 0
  1081                           ; Regs used in _uart_transmit: [wreg]
  1082                           ;uart_transmit@b stored from wreg
  1083  0696  00F0               	movwf	uart_transmit@b
  1084                           
  1085                           ;newmain.c: 135: TXREG=b;
  1086  0697  0870               	movf	uart_transmit@b,w
  1087  0698  1283               	bcf	3,5	;RP0=0, select bank0
  1088  0699  1303               	bcf	3,6	;RP1=0, select bank0
  1089  069A  0099               	movwf	25	;volatile
  1090  069B                     l93:	
  1091                           ;newmain.c: 136: while(!TRMT);
  1092                           
  1093  069B  1683               	bsf	3,5	;RP0=1, select bank1
  1094  069C  1303               	bcf	3,6	;RP1=0, select bank1
  1095  069D  1898               	btfsc	24,1	;volatile
  1096  069E  0008               	return
  1097  069F  2E9B               	goto	l93
  1098  06A0                     __end_of_uart_transmit:	
  1099                           
  1100                           	psect	text9
  1101  06C6                     __ptext9:	
  1102 ;; *************** function _spi_master_init *****************
  1103 ;; Defined at:
  1104 ;;		line 49 in file "newmain.c"
  1105 ;; Parameters:    Size  Location     Type
  1106 ;;		None
  1107 ;; Auto vars:     Size  Location     Type
  1108 ;;		None
  1109 ;; Return value:  Size  Location     Type
  1110 ;;                  1    wreg      void 
  1111 ;; Registers used:
  1112 ;;		wreg, status,2
  1113 ;; Tracked objects:
  1114 ;;		On entry : 0/0
  1115 ;;		On exit  : 0/0
  1116 ;;		Unchanged: 0/0
  1117 ;; Data sizes:     COMMON   BANK0   BANK1   BANK3   BANK2
  1118 ;;      Params:         0       0       0       0       0
  1119 ;;      Locals:         0       0       0       0       0
  1120 ;;      Temps:          0       0       0       0       0
  1121 ;;      Totals:         0       0       0       0       0
  1122 ;;Total ram usage:        0 bytes
  1123 ;; Hardware stack levels used:    1
  1124 ;; This function calls:
  1125 ;;		Nothing
  1126 ;; This function is called by:
  1127 ;;		_main
  1128 ;; This function uses a non-reentrant model
  1129 ;;
  1130                           
  1131                           
  1132                           ;psect for function _spi_master_init
  1133  06C6                     _spi_master_init:	
  1134                           
  1135                           ;newmain.c: 51: SSPSTAT=0x00;
  1136                           
  1137                           ;incstack = 0
  1138                           ; Regs used in _spi_master_init: [wreg+status,2]
  1139  06C6  1683               	bsf	3,5	;RP0=1, select bank1
  1140  06C7  1303               	bcf	3,6	;RP1=0, select bank1
  1141  06C8  0194               	clrf	20	;volatile
  1142                           
  1143                           ;newmain.c: 52: SSPCON=0x22;
  1144  06C9  3022               	movlw	34
  1145  06CA  1283               	bcf	3,5	;RP0=0, select bank0
  1146  06CB  1303               	bcf	3,6	;RP1=0, select bank0
  1147  06CC  0094               	movwf	20	;volatile
  1148                           
  1149                           ;newmain.c: 53: TRISC3=0;
  1150  06CD  1683               	bsf	3,5	;RP0=1, select bank1
  1151  06CE  1303               	bcf	3,6	;RP1=0, select bank1
  1152  06CF  1187               	bcf	7,3	;volatile
  1153                           
  1154                           ;newmain.c: 54: TRISC5=0;
  1155  06D0  1287               	bcf	7,5	;volatile
  1156                           
  1157                           ;newmain.c: 55: TRISC4=1;
  1158  06D1  1607               	bsf	7,4	;volatile
  1159                           
  1160                           ;newmain.c: 56: TRISB1=0;
  1161  06D2  1086               	bcf	6,1	;volatile
  1162                           
  1163                           ;newmain.c: 57: TRISB2=0;
  1164  06D3  1106               	bcf	6,2	;volatile
  1165                           
  1166                           ;newmain.c: 58: TRISB3=0;
  1167  06D4  1186               	bcf	6,3	;volatile
  1168                           
  1169                           ;newmain.c: 60: RB1=1;RB2=1;RB3=1;
  1170  06D5  1283               	bcf	3,5	;RP0=0, select bank0
  1171  06D6  1303               	bcf	3,6	;RP1=0, select bank0
  1172  06D7  1486               	bsf	6,1	;volatile
  1173  06D8  1506               	bsf	6,2	;volatile
  1174  06D9  1586               	bsf	6,3	;volatile
  1175  06DA  0008               	return
  1176  06DB                     __end_of_spi_master_init:	
  1177  007E                     btemp	set	126	;btemp
  1178  007E                     wtemp0	set	126


Data Sizes:
    Strings     0
    Constant    0
    Data        0
    BSS         2
    Persistent  0
    Stack       0

Auto Spaces:
    Space          Size  Autos    Used
    COMMON           14     12      14
    BANK0            80     54      54
    BANK1            80      0       0
    BANK3            96      0       0
    BANK2            96      0       0

Pointer List with Targets:

    uart_to_spi@str	PTR unsigned char  size(1) Largest target is 50
		 -> uart_str_receive@c(BANK0[50]), 


Critical Paths under _main in COMMON

    _main->_uart_str_receive
    _uart_str_receive->_slave_on
    _uart_str_receive->_uart_to_spi
    _spi_read_char->_uart_transmit

Critical Paths under _main in BANK0

    _main->_uart_str_receive

Critical Paths under _main in BANK1

    None.

Critical Paths under _main in BANK3

    None.

Critical Paths under _main in BANK2

    None.

Call Graph Tables:

 ---------------------------------------------------------------------------------
 (Depth) Function   	        Calls       Base Space   Used Autos Params    Refs
 ---------------------------------------------------------------------------------
 (0) _main                                                 7     7      0     454
                                              5 COMMON     7     7      0
                    _spi_master_init
                      _spi_read_char
                     _spi_slave_init
                          _uart_init
                   _uart_str_receive
 ---------------------------------------------------------------------------------
 (1) _uart_str_receive                                    55    55      0     437
                                              4 COMMON     1     1      0
                                              0 BANK0     54    54      0
                           _slave_on
                       _uart_receive
                        _uart_to_spi
 ---------------------------------------------------------------------------------
 (2) _uart_to_spi                                          4     4      0      72
                                              0 COMMON     4     4      0
 ---------------------------------------------------------------------------------
 (2) _uart_receive                                         2     2      0      23
                                              0 COMMON     2     2      0
 ---------------------------------------------------------------------------------
 (2) _slave_on                                             4     1      3      66
                                              0 COMMON     4     1      3
 ---------------------------------------------------------------------------------
 (1) _uart_init                                            0     0      0       0
 ---------------------------------------------------------------------------------
 (1) _spi_slave_init                                       0     0      0       0
 ---------------------------------------------------------------------------------
 (1) _spi_read_char                                        3     3      0      15
                                              1 COMMON     3     3      0
                      _uart_transmit
 ---------------------------------------------------------------------------------
 (2) _uart_transmit                                        1     1      0      15
                                              0 COMMON     1     1      0
 ---------------------------------------------------------------------------------
 (1) _spi_master_init                                      0     0      0       0
 ---------------------------------------------------------------------------------
 Estimated maximum stack depth 2
 ---------------------------------------------------------------------------------

 Call Graph Graphs:

 _main (ROOT)
   _spi_master_init
   _spi_read_char
     _uart_transmit
   _spi_slave_init
   _uart_init
   _uart_str_receive
     _slave_on
     _uart_receive
     _uart_to_spi

 Address spaces:
Name               Size   Autos  Total    Cost      Usage
BITCOMMON            E      0       0       0        0.0%
EEDATA             100      0       0       0        0.0%
NULL                 0      0       0       0        0.0%
CODE                 0      0       0       0        0.0%
COMMON               E      C       E       1      100.0%
BITSFR0              0      0       0       1        0.0%
SFR0                 0      0       0       1        0.0%
BITSFR1              0      0       0       2        0.0%
SFR1                 0      0       0       2        0.0%
STACK                0      0       0       2        0.0%
ABS                  0      0      44       3        0.0%
BITBANK0            50      0       0       4        0.0%
BITSFR3              0      0       0       4        0.0%
SFR3                 0      0       0       4        0.0%
BANK0               50     36      36       5       67.5%
BITSFR2              0      0       0       5        0.0%
SFR2                 0      0       0       5        0.0%
BITBANK1            50      0       0       6        0.0%
BANK1               50      0       0       7        0.0%
BITBANK3            60      0       0       8        0.0%
BANK3               60      0       0       9        0.0%
BITBANK2            60      0       0      10        0.0%
BANK2               60      0       0      11        0.0%
DATA                 0      0      44      12        0.0%


Microchip Technology PIC Macro Assembler V1.45 build -152302408 
Symbol Table                                                                                   Wed Jun 10 10:51:51 2020

                       _BF 04A0                         l63 06A0                         l71 0704  
                       l93 069B                         l89 0788                        l102 06DB  
                      l105 06E5                        l113 07D1                        l124 07F7  
                      l732 06F7                        l804 07EB                        l744 0728  
                      l754 0736                        l780 0799                        l774 077E  
                      l768 0753                        l796 07CB                        _RB0 0030  
                      _RB1 0031                        _RB2 0032                        _RB3 0033  
                      u235 0751                        u307 07A8                        u317 07C5  
                      u327 07E5                        u337 070E                        u265 0797  
                      u347 06EF                        fsr0 0004                        indf 0000  
          ?_spi_slave_init 0070                       _RCIF 0065                       _TRMT 04C1  
          ??_uart_transmit 0070                       _main 079E                       btemp 007E  
                     start 0000                      ?_main 0070                      _RCREG 001A  
                    _RCSTA 0018                      _SPBRG 0099                      _SSPIF 0063  
                    _TXREG 0019                      _TXSTA 0098                      main@i 0078  
          ??_spi_read_char 0071                      status 0003                      wtemp0 007E  
          __initialization 07FA               __end_of_main 07FA   __end_of_uart_str_receive 079E  
                   ??_main 0075                     _TRISB0 0430                     _TRISB1 0431  
                   _TRISB2 0432                     _TRISB3 0433                     _TRISC3 043B  
                   _TRISC4 043C                     _TRISC5 043D                     _TRISC6 043E  
                   _TRISC7 043F                     _SSPCON 0014                     _SSPBUF 0013  
         __end_of_slave_on 0744               ?_uart_to_spi 0070    __end_of__initialization 07FC  
           __pcstackCOMMON 0070           ??_spi_slave_init 0070   __size_of_spi_master_init 0015  
               __pmaintext 079E         __size_of_uart_init 000F                    _SSPSTAT 0094  
    __end_of_uart_transmit 06A0                  ?_slave_on 0070                    __ptext1 0744  
                  __ptext2 06F6                    __ptext3 06A0                    __ptext4 0719  
                  __ptext5 06B7                    __ptext6 06AA                    __ptext7 06DB  
                  __ptext8 0696                    __ptext9 06C6          ?_uart_str_receive 0070  
       ??_uart_str_receive 0074       __size_of_uart_to_spi 0023       end_of_initialization 07FC  
            ?_uart_receive 0070      __end_of_spi_read_char 06F6          __end_of_uart_init 06C6  
               ??_slave_on 0073          ??_spi_master_init 0070             ??_uart_receive 0070  
      start_initialization 07FA                __pbssCOMMON 007C                  ___latbits 0002  
            __pcstackBANK0 0020          __size_of_slave_on 002B       __end_of_uart_receive 06AA  
__size_of_uart_str_receive 005A            _spi_master_init 06C6    __size_of_spi_slave_init 000D  
                _uart_init 06B7              ??_uart_to_spi 0070     __size_of_uart_transmit 000A  
               ?_uart_init 0070     __size_of_spi_read_char 001B    __end_of_spi_master_init 06DB  
      __end_of_uart_to_spi 0719              __size_of_main 005C              _uart_transmit 0696  
                slave_on@x 0073                   _slave_on 0719      __size_of_uart_receive 000A  
          main@space_check 007A           _uart_str_receive 0744             _spi_slave_init 06AA  
             _uart_receive 06A0             ?_uart_transmit 0070              _spi_read_char 06DB  
              ??_uart_init 0070                _space_check 007C              uart_receive@b 0071  
           uart_to_spi@str 0073                _uart_to_spi 06F6           ?_spi_master_init 0070  
   __end_of_spi_slave_init 06B7             uart_transmit@b 0070          uart_str_receive@c 0020  
        uart_str_receive@i 0054          uart_str_receive@x 0052             ?_spi_read_char 0070  
