

Microchip Technology PIC LITE Macro Assembler V2.00 build -1524193055 
                                                                                               Thu Nov 08 13:52:28 2018

Microchip Technology Omniscient Code Generator v2.00 (Free mode) build 20180527130849
     1  0000                     
      + 0000                     
     2                           ; Version 2.00
     3                           ; Generated 27/05/2018 GMT
     4                           
     5                           ; 
     6                           ; Copyright © 2018, Microchip Technology Inc. and its subsidiaries ("Microchip")
     7                           ; All rights reserved.
     8                           ; 
     9                           ; This software is developed by Microchip Technology Inc. and its subsidiaries ("Microch
                                 ip").
    10                           ; 
    11                           ; Redistribution and use in source and binary forms, with or without modification, are
    12                           ; permitted provided that the following conditions are met:
    13                           ; 
    14                           ;     1. Redistributions of source code must retain the above copyright notice, this lis
                                 t of
    15                           ;        conditions and the following disclaimer.
    16                           ; 
    17                           ;     2. Redistributions in binary form must reproduce the above copyright notice, this 
                                 list
    18                           ;        of conditions and the following disclaimer in the documentation and/or other
    19                           ;        materials provided with the distribution.
    20                           ; 
    21                           ;     3. Microchip's name may not be used to endorse or promote products derived from th
                                 is
    22                           ;        software without specific prior written permission.
    23                           ; 
    24                           ; THIS SOFTWARE IS PROVIDED BY MICROCHIP "AS IS" AND ANY EXPRESS OR IMPLIED WARRANTIES,

    25                           ; INCLUDING, BUT NOT LIMITED TO, THE IMPLIED WARRANTIES OF MERCHANTABILITY AND FITNESS F
                                 OR
    26                           ; PURPOSE ARE DISCLAIMED.  IN NO EVENT SHALL MICROCHIP BE LIABLE FOR ANY DIRECT, INDIREC
                                 T,
    27                           ; INCIDENTAL, SPECIAL, EXEMPLARY, OR CONSEQUENTIAL DAMAGES (INCLUDING BUT NOT LIMITED TO
                                 
    28                           ; PROCUREMENT OF SUBSTITUTE GOODS OR SERVICES; LOSS OF USE, DATA OR PROFITS; OR BUSINESS
                                 
    29                           ; INTERRUPTION) HOWSOEVER CAUSED AND ON ANY THEORY OF LIABILITY, WHETHER IN CONTRACT, ST
                                 RICT
    30                           ; LIABILITY, OR TORT (INCLUDING NEGLIGENCE OR OTHERWISE) ARISING IN ANY WAY OUT OF THE U
                                 SE OF
    31                           ; THIS SOFTWARE, EVEN IF ADVISED OF THE POSSIBILITY OF SUCH DAMAGE.
    32                           ; 
    33                           
    34                           
    35                           ; 
    36                           ; Code-generator required, PIC16F877A Definitions
    37                           ; 
    38  0004                     fsr0 equ 04h
    39  0004                     indf equ 00h
    40  0000                     indf0 equ 00h
    41  0000                     pc equ 02h
    42  0002                     pcl equ 02h
    43  0002                     pclath equ 0Ah
    44  000A                     status equ 03h
    45  0003                     
     2                           opt pagewidth 120
     3  0000                     byte0	macro	val
     4                           	(getbyte(val,0))
     5                           endm
     6  0000                     byte1	macro	val
     7                           	(getbyte(val,1))
     8                           endm
     9  0000                     byte2	macro	val
    10                           	(getbyte(val,2))
    11                           endm
    12  0000                     byte3	macro	val
    13                           	(getbyte(val,3))
    14                           endm
    15  0000                     byte4	macro	val
    16                           	(getbyte(val,4))
    17                           endm
    18  0000                     byte5	macro	val
    19                           	(getbyte(val,5))
    20                           endm
    21  0000                     byte6	macro	val
    22                           	(getbyte(val,6))
    23                           endm
    24  0000                     byte7	macro	val
    25                           	(getbyte(val,7))
    26                           endm
    27  0000                     getword	macro	val,pos
    28                           	(((val) >> (8 * pos)) and 0xffff)
    29                           endm
    30  0000                     word0	macro	val
    31                           	(getword(val,0))
    32                           endm
    33  0000                     word1	macro	val
    34                           	(getword(val,2))
    35                           endm
    36  0000                     word2	macro	val
    37                           	(getword(val,4))
    38                           endm
    39  0000                     word3	macro	val
    40                           	(getword(val,6))
    41                           endm
    42  0000                     gettword	macro	val,pos
    43                           	(((val) >> (8 * pos)) and 0xffffff)
    44                           endm
    45  0000                     tword0	macro	val
    46                           	(gettword(val,0))
    47                           endm
    48  0000                     tword1	macro	val
    49                           	(gettword(val,3))
    50                           endm
    51  0000                     tword2	macro	val
    52                           	(gettword(val,6))
    53                           endm
    54  0000                     getdword	macro	val,pos
    55                           	(((val) >> (8 * pos)) and 0xffffffff)
    56                           endm
    57  0000                     dword0	macro	val
    58                           	(getdword(val,0))
    59                           endm
    60  0000                     dword1	macro	val
    61                           	(getdword(val,4))
    62                           endm
    63  0000                     clrc	macro
    64                           	bcf	3,0
    65                           	endm
    66  0000                     clrz	macro
    67                           	bcf	3,2
    68                           	endm
    69  0000                     setc	macro
    70                           	bsf	3,0
    71                           	endm
    72  0000                     setz	macro
    73                           	bsf	3,2
    74                           	endm
    75  0000                     skipc	macro
    76                           	btfss	3,0
    77                           	endm
    78  0000                     skipz	macro
    79                           	btfss	3,2
    80                           	endm
    81  0000                     skipnc	macro
    82                           	btfsc	3,0
    83                           	endm
    84  0000                     skipnz	macro
    85                           	btfsc	3,2
    86                           	endm
    87  0000                     # 54 "C:\Program Files (x86)\Microchip\xc8\v2.00\pic\include\pic16f877a.h"
    88                           INDF equ 00h ;# 
    89  0000                     # 61 "C:\Program Files (x86)\Microchip\xc8\v2.00\pic\include\pic16f877a.h"
    90                           TMR0 equ 01h ;# 
    91  0001                     # 68 "C:\Program Files (x86)\Microchip\xc8\v2.00\pic\include\pic16f877a.h"
    92                           PCL equ 02h ;# 
    93  0002                     # 75 "C:\Program Files (x86)\Microchip\xc8\v2.00\pic\include\pic16f877a.h"
    94                           STATUS equ 03h ;# 
    95  0003                     # 161 "C:\Program Files (x86)\Microchip\xc8\v2.00\pic\include\pic16f877a.h"
    96                           FSR equ 04h ;# 
    97  0004                     # 168 "C:\Program Files (x86)\Microchip\xc8\v2.00\pic\include\pic16f877a.h"
    98                           PORTA equ 05h ;# 
    99  0005                     # 218 "C:\Program Files (x86)\Microchip\xc8\v2.00\pic\include\pic16f877a.h"
   100                           PORTB equ 06h ;# 
   101  0006                     # 280 "C:\Program Files (x86)\Microchip\xc8\v2.00\pic\include\pic16f877a.h"
   102                           PORTC equ 07h ;# 
   103  0007                     # 342 "C:\Program Files (x86)\Microchip\xc8\v2.00\pic\include\pic16f877a.h"
   104                           PORTD equ 08h ;# 
   105  0008                     # 404 "C:\Program Files (x86)\Microchip\xc8\v2.00\pic\include\pic16f877a.h"
   106                           PORTE equ 09h ;# 
   107  0009                     # 436 "C:\Program Files (x86)\Microchip\xc8\v2.00\pic\include\pic16f877a.h"
   108                           PCLATH equ 0Ah ;# 
   109  000A                     # 456 "C:\Program Files (x86)\Microchip\xc8\v2.00\pic\include\pic16f877a.h"
   110                           INTCON equ 0Bh ;# 
   111  000B                     # 534 "C:\Program Files (x86)\Microchip\xc8\v2.00\pic\include\pic16f877a.h"
   112                           PIR1 equ 0Ch ;# 
   113  000C                     # 596 "C:\Program Files (x86)\Microchip\xc8\v2.00\pic\include\pic16f877a.h"
   114                           PIR2 equ 0Dh ;# 
   115  000D                     # 636 "C:\Program Files (x86)\Microchip\xc8\v2.00\pic\include\pic16f877a.h"
   116                           TMR1 equ 0Eh ;# 
   117  000E                     # 643 "C:\Program Files (x86)\Microchip\xc8\v2.00\pic\include\pic16f877a.h"
   118                           TMR1L equ 0Eh ;# 
   119  000E                     # 650 "C:\Program Files (x86)\Microchip\xc8\v2.00\pic\include\pic16f877a.h"
   120                           TMR1H equ 0Fh ;# 
   121  000F                     # 657 "C:\Program Files (x86)\Microchip\xc8\v2.00\pic\include\pic16f877a.h"
   122                           T1CON equ 010h ;# 
   123  0010                     # 732 "C:\Program Files (x86)\Microchip\xc8\v2.00\pic\include\pic16f877a.h"
   124                           TMR2 equ 011h ;# 
   125  0011                     # 739 "C:\Program Files (x86)\Microchip\xc8\v2.00\pic\include\pic16f877a.h"
   126                           T2CON equ 012h ;# 
   127  0012                     # 810 "C:\Program Files (x86)\Microchip\xc8\v2.00\pic\include\pic16f877a.h"
   128                           SSPBUF equ 013h ;# 
   129  0013                     # 817 "C:\Program Files (x86)\Microchip\xc8\v2.00\pic\include\pic16f877a.h"
   130                           SSPCON equ 014h ;# 
   131  0014                     # 887 "C:\Program Files (x86)\Microchip\xc8\v2.00\pic\include\pic16f877a.h"
   132                           CCPR1 equ 015h ;# 
   133  0015                     # 894 "C:\Program Files (x86)\Microchip\xc8\v2.00\pic\include\pic16f877a.h"
   134                           CCPR1L equ 015h ;# 
   135  0015                     # 901 "C:\Program Files (x86)\Microchip\xc8\v2.00\pic\include\pic16f877a.h"
   136                           CCPR1H equ 016h ;# 
   137  0016                     # 908 "C:\Program Files (x86)\Microchip\xc8\v2.00\pic\include\pic16f877a.h"
   138                           CCP1CON equ 017h ;# 
   139  0017                     # 966 "C:\Program Files (x86)\Microchip\xc8\v2.00\pic\include\pic16f877a.h"
   140                           RCSTA equ 018h ;# 
   141  0018                     # 1061 "C:\Program Files (x86)\Microchip\xc8\v2.00\pic\include\pic16f877a.h"
   142                           TXREG equ 019h ;# 
   143  0019                     # 1068 "C:\Program Files (x86)\Microchip\xc8\v2.00\pic\include\pic16f877a.h"
   144                           RCREG equ 01Ah ;# 
   145  001A                     # 1075 "C:\Program Files (x86)\Microchip\xc8\v2.00\pic\include\pic16f877a.h"
   146                           CCPR2 equ 01Bh ;# 
   147  001B                     # 1082 "C:\Program Files (x86)\Microchip\xc8\v2.00\pic\include\pic16f877a.h"
   148                           CCPR2L equ 01Bh ;# 
   149  001B                     # 1089 "C:\Program Files (x86)\Microchip\xc8\v2.00\pic\include\pic16f877a.h"
   150                           CCPR2H equ 01Ch ;# 
   151  001C                     # 1096 "C:\Program Files (x86)\Microchip\xc8\v2.00\pic\include\pic16f877a.h"
   152                           CCP2CON equ 01Dh ;# 
   153  001D                     # 1154 "C:\Program Files (x86)\Microchip\xc8\v2.00\pic\include\pic16f877a.h"
   154                           ADRESH equ 01Eh ;# 
   155  001E                     # 1161 "C:\Program Files (x86)\Microchip\xc8\v2.00\pic\include\pic16f877a.h"
   156                           ADCON0 equ 01Fh ;# 
   157  001F                     # 1257 "C:\Program Files (x86)\Microchip\xc8\v2.00\pic\include\pic16f877a.h"
   158                           OPTION_REG equ 081h ;# 
   159  0081                     # 1327 "C:\Program Files (x86)\Microchip\xc8\v2.00\pic\include\pic16f877a.h"
   160                           TRISA equ 085h ;# 
   161  0085                     # 1377 "C:\Program Files (x86)\Microchip\xc8\v2.00\pic\include\pic16f877a.h"
   162                           TRISB equ 086h ;# 
   163  0086                     # 1439 "C:\Program Files (x86)\Microchip\xc8\v2.00\pic\include\pic16f877a.h"
   164                           TRISC equ 087h ;# 
   165  0087                     # 1501 "C:\Program Files (x86)\Microchip\xc8\v2.00\pic\include\pic16f877a.h"
   166                           TRISD equ 088h ;# 
   167  0088                     # 1563 "C:\Program Files (x86)\Microchip\xc8\v2.00\pic\include\pic16f877a.h"
   168                           TRISE equ 089h ;# 
   169  0089                     # 1620 "C:\Program Files (x86)\Microchip\xc8\v2.00\pic\include\pic16f877a.h"
   170                           PIE1 equ 08Ch ;# 
   171  008C                     # 1682 "C:\Program Files (x86)\Microchip\xc8\v2.00\pic\include\pic16f877a.h"
   172                           PIE2 equ 08Dh ;# 
   173  008D                     # 1722 "C:\Program Files (x86)\Microchip\xc8\v2.00\pic\include\pic16f877a.h"
   174                           PCON equ 08Eh ;# 
   175  008E                     # 1756 "C:\Program Files (x86)\Microchip\xc8\v2.00\pic\include\pic16f877a.h"
   176                           SSPCON2 equ 091h ;# 
   177  0091                     # 1818 "C:\Program Files (x86)\Microchip\xc8\v2.00\pic\include\pic16f877a.h"
   178                           PR2 equ 092h ;# 
   179  0092                     # 1825 "C:\Program Files (x86)\Microchip\xc8\v2.00\pic\include\pic16f877a.h"
   180                           SSPADD equ 093h ;# 
   181  0093                     # 1832 "C:\Program Files (x86)\Microchip\xc8\v2.00\pic\include\pic16f877a.h"
   182                           SSPSTAT equ 094h ;# 
   183  0094                     # 2001 "C:\Program Files (x86)\Microchip\xc8\v2.00\pic\include\pic16f877a.h"
   184                           TXSTA equ 098h ;# 
   185  0098                     # 2082 "C:\Program Files (x86)\Microchip\xc8\v2.00\pic\include\pic16f877a.h"
   186                           SPBRG equ 099h ;# 
   187  0099                     # 2089 "C:\Program Files (x86)\Microchip\xc8\v2.00\pic\include\pic16f877a.h"
   188                           CMCON equ 09Ch ;# 
   189  009C                     # 2159 "C:\Program Files (x86)\Microchip\xc8\v2.00\pic\include\pic16f877a.h"
   190                           CVRCON equ 09Dh ;# 
   191  009D                     # 2224 "C:\Program Files (x86)\Microchip\xc8\v2.00\pic\include\pic16f877a.h"
   192                           ADRESL equ 09Eh ;# 
   193  009E                     # 2231 "C:\Program Files (x86)\Microchip\xc8\v2.00\pic\include\pic16f877a.h"
   194                           ADCON1 equ 09Fh ;# 
   195  009F                     # 2290 "C:\Program Files (x86)\Microchip\xc8\v2.00\pic\include\pic16f877a.h"
   196                           EEDATA equ 010Ch ;# 
   197  010C                     # 2297 "C:\Program Files (x86)\Microchip\xc8\v2.00\pic\include\pic16f877a.h"
   198                           EEADR equ 010Dh ;# 
   199  010D                     # 2304 "C:\Program Files (x86)\Microchip\xc8\v2.00\pic\include\pic16f877a.h"
   200                           EEDATH equ 010Eh ;# 
   201  010E                     # 2311 "C:\Program Files (x86)\Microchip\xc8\v2.00\pic\include\pic16f877a.h"
   202                           EEADRH equ 010Fh ;# 
   203  010F                     # 2318 "C:\Program Files (x86)\Microchip\xc8\v2.00\pic\include\pic16f877a.h"
   204                           EECON1 equ 018Ch ;# 
   205  018C                     # 2363 "C:\Program Files (x86)\Microchip\xc8\v2.00\pic\include\pic16f877a.h"
   206                           EECON2 equ 018Dh ;# 
   207  018D                     # 54 "C:\Program Files (x86)\Microchip\xc8\v2.00\pic\include\pic16f877a.h"
   208                           INDF equ 00h ;# 
   209  0000                     # 61 "C:\Program Files (x86)\Microchip\xc8\v2.00\pic\include\pic16f877a.h"
   210                           TMR0 equ 01h ;# 
   211  0001                     # 68 "C:\Program Files (x86)\Microchip\xc8\v2.00\pic\include\pic16f877a.h"
   212                           PCL equ 02h ;# 
   213  0002                     # 75 "C:\Program Files (x86)\Microchip\xc8\v2.00\pic\include\pic16f877a.h"
   214                           STATUS equ 03h ;# 
   215  0003                     # 161 "C:\Program Files (x86)\Microchip\xc8\v2.00\pic\include\pic16f877a.h"
   216                           FSR equ 04h ;# 
   217  0004                     # 168 "C:\Program Files (x86)\Microchip\xc8\v2.00\pic\include\pic16f877a.h"
   218                           PORTA equ 05h ;# 
   219  0005                     # 218 "C:\Program Files (x86)\Microchip\xc8\v2.00\pic\include\pic16f877a.h"
   220                           PORTB equ 06h ;# 
   221  0006                     # 280 "C:\Program Files (x86)\Microchip\xc8\v2.00\pic\include\pic16f877a.h"
   222                           PORTC equ 07h ;# 
   223  0007                     # 342 "C:\Program Files (x86)\Microchip\xc8\v2.00\pic\include\pic16f877a.h"
   224                           PORTD equ 08h ;# 
   225  0008                     # 404 "C:\Program Files (x86)\Microchip\xc8\v2.00\pic\include\pic16f877a.h"
   226                           PORTE equ 09h ;# 
   227  0009                     # 436 "C:\Program Files (x86)\Microchip\xc8\v2.00\pic\include\pic16f877a.h"
   228                           PCLATH equ 0Ah ;# 
   229  000A                     # 456 "C:\Program Files (x86)\Microchip\xc8\v2.00\pic\include\pic16f877a.h"
   230                           INTCON equ 0Bh ;# 
   231  000B                     # 534 "C:\Program Files (x86)\Microchip\xc8\v2.00\pic\include\pic16f877a.h"
   232                           PIR1 equ 0Ch ;# 
   233  000C                     # 596 "C:\Program Files (x86)\Microchip\xc8\v2.00\pic\include\pic16f877a.h"
   234                           PIR2 equ 0Dh ;# 
   235  000D                     # 636 "C:\Program Files (x86)\Microchip\xc8\v2.00\pic\include\pic16f877a.h"
   236                           TMR1 equ 0Eh ;# 
   237  000E                     # 643 "C:\Program Files (x86)\Microchip\xc8\v2.00\pic\include\pic16f877a.h"
   238                           TMR1L equ 0Eh ;# 
   239  000E                     # 650 "C:\Program Files (x86)\Microchip\xc8\v2.00\pic\include\pic16f877a.h"
   240                           TMR1H equ 0Fh ;# 
   241  000F                     # 657 "C:\Program Files (x86)\Microchip\xc8\v2.00\pic\include\pic16f877a.h"
   242                           T1CON equ 010h ;# 
   243  0010                     # 732 "C:\Program Files (x86)\Microchip\xc8\v2.00\pic\include\pic16f877a.h"
   244                           TMR2 equ 011h ;# 
   245  0011                     # 739 "C:\Program Files (x86)\Microchip\xc8\v2.00\pic\include\pic16f877a.h"
   246                           T2CON equ 012h ;# 
   247  0012                     # 810 "C:\Program Files (x86)\Microchip\xc8\v2.00\pic\include\pic16f877a.h"
   248                           SSPBUF equ 013h ;# 
   249  0013                     # 817 "C:\Program Files (x86)\Microchip\xc8\v2.00\pic\include\pic16f877a.h"
   250                           SSPCON equ 014h ;# 
   251  0014                     # 887 "C:\Program Files (x86)\Microchip\xc8\v2.00\pic\include\pic16f877a.h"
   252                           CCPR1 equ 015h ;# 
   253  0015                     # 894 "C:\Program Files (x86)\Microchip\xc8\v2.00\pic\include\pic16f877a.h"
   254                           CCPR1L equ 015h ;# 
   255  0015                     # 901 "C:\Program Files (x86)\Microchip\xc8\v2.00\pic\include\pic16f877a.h"
   256                           CCPR1H equ 016h ;# 
   257  0016                     # 908 "C:\Program Files (x86)\Microchip\xc8\v2.00\pic\include\pic16f877a.h"
   258                           CCP1CON equ 017h ;# 
   259  0017                     # 966 "C:\Program Files (x86)\Microchip\xc8\v2.00\pic\include\pic16f877a.h"
   260                           RCSTA equ 018h ;# 
   261  0018                     # 1061 "C:\Program Files (x86)\Microchip\xc8\v2.00\pic\include\pic16f877a.h"
   262                           TXREG equ 019h ;# 
   263  0019                     # 1068 "C:\Program Files (x86)\Microchip\xc8\v2.00\pic\include\pic16f877a.h"
   264                           RCREG equ 01Ah ;# 
   265  001A                     # 1075 "C:\Program Files (x86)\Microchip\xc8\v2.00\pic\include\pic16f877a.h"
   266                           CCPR2 equ 01Bh ;# 
   267  001B                     # 1082 "C:\Program Files (x86)\Microchip\xc8\v2.00\pic\include\pic16f877a.h"
   268                           CCPR2L equ 01Bh ;# 
   269  001B                     # 1089 "C:\Program Files (x86)\Microchip\xc8\v2.00\pic\include\pic16f877a.h"
   270                           CCPR2H equ 01Ch ;# 
   271  001C                     # 1096 "C:\Program Files (x86)\Microchip\xc8\v2.00\pic\include\pic16f877a.h"
   272                           CCP2CON equ 01Dh ;# 
   273  001D                     # 1154 "C:\Program Files (x86)\Microchip\xc8\v2.00\pic\include\pic16f877a.h"
   274                           ADRESH equ 01Eh ;# 
   275  001E                     # 1161 "C:\Program Files (x86)\Microchip\xc8\v2.00\pic\include\pic16f877a.h"
   276                           ADCON0 equ 01Fh ;# 
   277  001F                     # 1257 "C:\Program Files (x86)\Microchip\xc8\v2.00\pic\include\pic16f877a.h"
   278                           OPTION_REG equ 081h ;# 
   279  0081                     # 1327 "C:\Program Files (x86)\Microchip\xc8\v2.00\pic\include\pic16f877a.h"
   280                           TRISA equ 085h ;# 
   281  0085                     # 1377 "C:\Program Files (x86)\Microchip\xc8\v2.00\pic\include\pic16f877a.h"
   282                           TRISB equ 086h ;# 
   283  0086                     # 1439 "C:\Program Files (x86)\Microchip\xc8\v2.00\pic\include\pic16f877a.h"
   284                           TRISC equ 087h ;# 
   285  0087                     # 1501 "C:\Program Files (x86)\Microchip\xc8\v2.00\pic\include\pic16f877a.h"
   286                           TRISD equ 088h ;# 
   287  0088                     # 1563 "C:\Program Files (x86)\Microchip\xc8\v2.00\pic\include\pic16f877a.h"
   288                           TRISE equ 089h ;# 
   289  0089                     # 1620 "C:\Program Files (x86)\Microchip\xc8\v2.00\pic\include\pic16f877a.h"
   290                           PIE1 equ 08Ch ;# 
   291  008C                     # 1682 "C:\Program Files (x86)\Microchip\xc8\v2.00\pic\include\pic16f877a.h"
   292                           PIE2 equ 08Dh ;# 
   293  008D                     # 1722 "C:\Program Files (x86)\Microchip\xc8\v2.00\pic\include\pic16f877a.h"
   294                           PCON equ 08Eh ;# 
   295  008E                     # 1756 "C:\Program Files (x86)\Microchip\xc8\v2.00\pic\include\pic16f877a.h"
   296                           SSPCON2 equ 091h ;# 
   297  0091                     # 1818 "C:\Program Files (x86)\Microchip\xc8\v2.00\pic\include\pic16f877a.h"
   298                           PR2 equ 092h ;# 
   299  0092                     # 1825 "C:\Program Files (x86)\Microchip\xc8\v2.00\pic\include\pic16f877a.h"
   300                           SSPADD equ 093h ;# 
   301  0093                     # 1832 "C:\Program Files (x86)\Microchip\xc8\v2.00\pic\include\pic16f877a.h"
   302                           SSPSTAT equ 094h ;# 
   303  0094                     # 2001 "C:\Program Files (x86)\Microchip\xc8\v2.00\pic\include\pic16f877a.h"
   304                           TXSTA equ 098h ;# 
   305  0098                     # 2082 "C:\Program Files (x86)\Microchip\xc8\v2.00\pic\include\pic16f877a.h"
   306                           SPBRG equ 099h ;# 
   307  0099                     # 2089 "C:\Program Files (x86)\Microchip\xc8\v2.00\pic\include\pic16f877a.h"
   308                           CMCON equ 09Ch ;# 
   309  009C                     # 2159 "C:\Program Files (x86)\Microchip\xc8\v2.00\pic\include\pic16f877a.h"
   310                           CVRCON equ 09Dh ;# 
   311  009D                     # 2224 "C:\Program Files (x86)\Microchip\xc8\v2.00\pic\include\pic16f877a.h"
   312                           ADRESL equ 09Eh ;# 
   313  009E                     # 2231 "C:\Program Files (x86)\Microchip\xc8\v2.00\pic\include\pic16f877a.h"
   314                           ADCON1 equ 09Fh ;# 
   315  009F                     # 2290 "C:\Program Files (x86)\Microchip\xc8\v2.00\pic\include\pic16f877a.h"
   316                           EEDATA equ 010Ch ;# 
   317  010C                     # 2297 "C:\Program Files (x86)\Microchip\xc8\v2.00\pic\include\pic16f877a.h"
   318                           EEADR equ 010Dh ;# 
   319  010D                     # 2304 "C:\Program Files (x86)\Microchip\xc8\v2.00\pic\include\pic16f877a.h"
   320                           EEDATH equ 010Eh ;# 
   321  010E                     # 2311 "C:\Program Files (x86)\Microchip\xc8\v2.00\pic\include\pic16f877a.h"
   322                           EEADRH equ 010Fh ;# 
   323  010F                     # 2318 "C:\Program Files (x86)\Microchip\xc8\v2.00\pic\include\pic16f877a.h"
   324                           EECON1 equ 018Ch ;# 
   325  018C                     # 2363 "C:\Program Files (x86)\Microchip\xc8\v2.00\pic\include\pic16f877a.h"
   326                           EECON2 equ 018Dh ;# 
   327  018D                     	FNROOT	_main
   328                           	global	_TMR0
   329                           _TMR0	set	0x1
   330  0001                     	global	_PORTB
   331                           _PORTB	set	0x6
   332  0006                     	global	_TMR0IF
   333                           _TMR0IF	set	0x5A
   334  005A                     	global	_TRISB
   335                           _TRISB	set	0x86
   336  0086                     	global	_PS1
   337                           _PS1	set	0x409
   338  0409                     	global	_PS2
   339                           _PS2	set	0x40A
   340  040A                     	global	_PSA
   341                           _PSA	set	0x40B
   342  040B                     	global	_T0SE
   343                           _T0SE	set	0x40C
   344  040C                     	global	_T0CS
   345                           _T0CS	set	0x40D
   346  040D                     ; #config settings
   347                           global __CFG_FOSC$XT
   348                           __CFG_FOSC$XT equ 0x0
   349  0000                     global __CFG_WDTE$OFF
   350                           __CFG_WDTE$OFF equ 0x0
   351  0000                     global __CFG_PWRTE$OFF
   352                           __CFG_PWRTE$OFF equ 0x0
   353  0000                     global __CFG_BOREN$OFF
   354                           __CFG_BOREN$OFF equ 0x0
   355  0000                     global __CFG_LVP$OFF
   356                           __CFG_LVP$OFF equ 0x0
   357  0000                     global __CFG_CPD$OFF
   358                           __CFG_CPD$OFF equ 0x0
   359  0000                     global __CFG_WRT$OFF
   360                           __CFG_WRT$OFF equ 0x0
   361  0000                     global __CFG_CP$OFF
   362                           __CFG_CP$OFF equ 0x0
   363  0000                     	file	"C:\Users\AJAY\AppData\Local\Temp\s2bs."
   364                           	line	#
   365                           psect cinit,class=CODE,delta=2
   366                           global start_initialization
   367                           start_initialization:
   368  07FC                     
   369                           global __initialization
   370                           __initialization:
   371  07FC                     psect cinit,class=CODE,delta=2,merge=1
   372                           global end_of_initialization,__end_of__initialization
   373                           
   374                           ;End of C runtime variable initialization code
   375                           
   376                           end_of_initialization:
   377  07FC                     __end_of__initialization:
   378  07FC                     clrf status
   379  07FC  0183               ljmp _main	;jump to C main() function
   380  07FD  120A  118A  2FB2   psect	cstackCOMMON,class=COMMON,space=1,noexec
   381                           global __pcstackCOMMON
   382                           __pcstackCOMMON:
   383  0070                     ?_main:	; 1 bytes @ 0x0
   384  0070                     ??_main:	; 1 bytes @ 0x0
   385  0070                     	ds	2
   386  0070                     	global	main@x
   387                           main@x:	; 2 bytes @ 0x2
   388  0072                     	ds	2
   389  0072                     	global	main@c
   390                           main@c:	; 2 bytes @ 0x4
   391  0074                     	ds	2
   392  0074                     ;!
   393                           ;!Data Sizes:
   394                           ;!    Strings     0
   395                           ;!    Constant    0
   396                           ;!    Data        0
   397                           ;!    BSS         0
   398                           ;!    Persistent  0
   399                           ;!    Stack       0
   400                           ;!
   401                           ;!Auto Spaces:
   402                           ;!    Space          Size  Autos    Used
   403                           ;!    COMMON           14      6       6
   404                           ;!    BANK0            80      0       0
   405                           ;!    BANK1            80      0       0
   406                           ;!    BANK3            96      0       0
   407                           ;!    BANK2            96      0       0
   408                           
   409                           ;!
   410                           ;!Pointer List with Targets:
   411                           ;!
   412                           ;!    None.
   413                           
   414                           
   415                           ;!
   416                           ;!Critical Paths under _main in COMMON
   417                           ;!
   418                           ;!    None.
   419                           ;!
   420                           ;!Critical Paths under _main in BANK0
   421                           ;!
   422                           ;!    None.
   423                           ;!
   424                           ;!Critical Paths under _main in BANK1
   425                           ;!
   426                           ;!    None.
   427                           ;!
   428                           ;!Critical Paths under _main in BANK3
   429                           ;!
   430                           ;!    None.
   431                           ;!
   432                           ;!Critical Paths under _main in BANK2
   433                           ;!
   434                           ;!    None.
   435                           
   436 ;;
   437 ;;Main: autosize = 0, tempsize = 2, incstack = 0, save=0
   438 ;;
   439                           
   440                           ;!
   441                           ;!Call Graph Tables:
   442                           ;!
   443                           ;! ---------------------------------------------------------------------------------
   444                           ;! (Depth) Function   	        Calls       Base Space   Used Autos Params    Refs
   445                           ;! ---------------------------------------------------------------------------------
   446                           ;! (0) _main                                                 6     6      0      30
   447                           ;!                                              0 COMMON     6     6      0
   448                           ;! ---------------------------------------------------------------------------------
   449                           ;! Estimated maximum stack depth 0
   450                           ;! ---------------------------------------------------------------------------------
   451                           ;!
   452                           ;! Call Graph Graphs:
   453                           ;!
   454                           ;! _main (ROOT)
   455                           ;!
   456                           
   457                           ;! Address spaces:
   458                           
   459                           ;!Name               Size   Autos  Total    Cost      Usage
   460                           ;!BITCOMMON            E      0       0       0        0.0%
   461                           ;!EEDATA             100      0       0       0        0.0%
   462                           ;!NULL                 0      0       0       0        0.0%
   463                           ;!CODE                 0      0       0       0        0.0%
   464                           ;!COMMON               E      6       6       1       42.9%
   465                           ;!BITSFR0              0      0       0       1        0.0%
   466                           ;!SFR0                 0      0       0       1        0.0%
   467                           ;!BITSFR1              0      0       0       2        0.0%
   468                           ;!SFR1                 0      0       0       2        0.0%
   469                           ;!STACK                0      0       0       2        0.0%
   470                           ;!ABS                  0      0       0       3        0.0%
   471                           ;!BITBANK0            50      0       0       4        0.0%
   472                           ;!BITSFR3              0      0       0       4        0.0%
   473                           ;!SFR3                 0      0       0       4        0.0%
   474                           ;!BANK0               50      0       0       5        0.0%
   475                           ;!BITSFR2              0      0       0       5        0.0%
   476                           ;!SFR2                 0      0       0       5        0.0%
   477                           ;!BITBANK1            50      0       0       6        0.0%
   478                           ;!BANK1               50      0       0       7        0.0%
   479                           ;!BITBANK3            60      0       0       8        0.0%
   480                           ;!BANK3               60      0       0       9        0.0%
   481                           ;!BITBANK2            60      0       0      10        0.0%
   482                           ;!BANK2               60      0       0      11        0.0%
   483                           ;!DATA                 0      0       0      12        0.0%
   484                           
   485                           	global	_main
   486                           
   487 ;; *************** function _main *****************
   488 ;; Defined at:
   489 ;;		line 28 in file "main.c"
   490 ;; Parameters:    Size  Location     Type
   491 ;;		None
   492 ;; Auto vars:     Size  Location     Type
   493 ;;  c               2    4[COMMON] int 
   494 ;;  x               2    2[COMMON] int 
   495 ;; Return value:  Size  Location     Type
   496 ;;                  1    wreg      void 
   497 ;; Registers used:
   498 ;;		wreg, status,2, status,0
   499 ;; Tracked objects:
   500 ;;		On entry : B00/0
   501 ;;		On exit  : 0/0
   502 ;;		Unchanged: 0/0
   503 ;; Data sizes:     COMMON   BANK0   BANK1   BANK3   BANK2
   504 ;;      Params:         0       0       0       0       0
   505 ;;      Locals:         4       0       0       0       0
   506 ;;      Temps:          2       0       0       0       0
   507 ;;      Totals:         6       0       0       0       0
   508 ;;Total ram usage:        6 bytes
   509 ;; This function calls:
   510 ;;		Nothing
   511 ;; This function is called by:
   512 ;;		Startup code after reset
   513 ;; This function uses a non-reentrant model
   514 ;;
   515                           psect	maintext,global,class=CODE,delta=2,split=1,group=0
   516                           	file	"main.c"
   517                           	line	28
   518                           global __pmaintext
   519                           __pmaintext:	;psect for function _main
   520  07B2                     psect	maintext
   521                           	file	"main.c"
   522                           	line	28
   523                           	global	__size_of_main
   524                           	__size_of_main	equ	__end_of_main-_main
   525  004A                     	
   526                           _main:	
   527  07B2                     ;incstack = 0
   528                           	opt	stack 8
   529                           ; Regs used in _main: [wreg+status,2+status,0]
   530                           	line	30
   531                           	
   532                           l602:	
   533  07B2                     ;main.c: 30:     TRISB = 0x00;
   534                           	bsf	status, 5	;RP0=1, select bank1
   535  07B2  1683               	bcf	status, 6	;RP1=0, select bank1
   536  07B3  1303               	clrf	(134)^080h	;volatile
   537  07B4  0186               	line	31
   538                           ;main.c: 31:     PORTB = 0x00;
   539                           	bcf	status, 5	;RP0=0, select bank0
   540  07B5  1283               	bcf	status, 6	;RP1=0, select bank0
   541  07B6  1303               	clrf	(6)	;volatile
   542  07B7  0186               	line	37
   543                           	
   544                           l604:	
   545  07B8                     ;main.c: 37:     T0CS=0;
   546                           	bsf	status, 5	;RP0=1, select bank1
   547  07B8  1683               	bcf	status, 6	;RP1=0, select bank1
   548  07B9  1303               	bcf	(1037/8)^080h,(1037)&7	;volatile
   549  07BA  1281               	line	38
   550                           	
   551                           l606:	
   552  07BB                     ;main.c: 38:     T0SE=0;
   553                           	bcf	(1036/8)^080h,(1036)&7	;volatile
   554  07BB  1201               	line	39
   555                           	
   556                           l608:	
   557  07BC                     ;main.c: 39:     PSA=0;
   558                           	bcf	(1035/8)^080h,(1035)&7	;volatile
   559  07BC  1181               	line	41
   560                           	
   561                           l610:	
   562  07BD                     ;main.c: 41:                        PS2=1;
   563                           	bsf	(1034/8)^080h,(1034)&7	;volatile
   564  07BD  1501               	line	42
   565                           	
   566                           l612:	
   567  07BE                     ;main.c: 42:                       PS1=1;
   568                           	bsf	(1033/8)^080h,(1033)&7	;volatile
   569  07BE  1481               	line	43
   570                           	
   571                           l614:	
   572  07BF                     ;main.c: 43:                      PS2=1;
   573                           	bsf	(1034/8)^080h,(1034)&7	;volatile
   574  07BF  1501               	line	44
   575                           	
   576                           l616:	
   577  07C0                     ;main.c: 44:     TMR0 = 100;
   578                           	movlw	low(064h)
   579  07C0  3064               	bcf	status, 5	;RP0=0, select bank0
   580  07C1  1283               	bcf	status, 6	;RP1=0, select bank0
   581  07C2  1303               	movwf	(1)	;volatile
   582  07C3  0081               	line	45
   583                           	
   584                           l618:	
   585  07C4                     ;main.c: 45:     int x=TMR0;
   586                           	movf	(1),w	;volatile
   587  07C4  0801               	movwf	(??_main+0)+0
   588  07C5  00F0               	clrf	(??_main+0)+0+1
   589  07C6  01F1               	movf	0+(??_main+0)+0,w
   590  07C7  0870               	movwf	(main@x)
   591  07C8  00F2               	movf	1+(??_main+0)+0,w
   592  07C9  0871               	movwf	(main@x+1)
   593  07CA  00F3               	line	47
   594                           ;main.c: 47:     int c = 0;
   595                           	clrf	(main@c)
   596  07CB  01F4               	clrf	(main@c+1)
   597  07CC  01F5               	goto	l620
   598  07CD  2FCE               	line	48
   599                           ;main.c: 48:     while(1)
   600                           	
   601                           l23:	
   602  07CE                     	line	50
   603                           	
   604                           l620:	
   605  07CE                     ;main.c: 49:     {;main.c: 50:         if(TMR0IF == 1)
   606                           	btfss	(90/8),(90)&7	;volatile
   607  07CE  1D0B               	goto	u11
   608  07CF  2FD1               	goto	u10
   609  07D0  2FD2               u11:
   610  07D1                     	goto	l626
   611  07D1  2FDA               u10:
   612  07D2                     	line	52
   613                           	
   614                           l622:	
   615  07D2                     ;main.c: 51:         {;main.c: 52:             c++;
   616                           	movlw	01h
   617  07D2  3001               	addwf	(main@c),f
   618  07D3  07F4               	skipnc
   619  07D4  1803               	incf	(main@c+1),f
   620  07D5  0AF5               	movlw	0
   621  07D6  3000               	addwf	(main@c+1),f
   622  07D7  07F5               	line	53
   623                           	
   624                           l624:	
   625  07D8                     ;main.c: 53:             TMR0IF = 0;
   626                           	bcf	(90/8),(90)&7	;volatile
   627  07D8  110B               	goto	l626
   628  07D9  2FDA               	line	55
   629                           ;main.c: 55:         }
   630                           	
   631                           l24:	
   632  07DA                     	line	57
   633                           	
   634                           l626:	
   635  07DA                     ;main.c: 57:         if (c == 1000)
   636                           		movlw	232
   637  07DA  30E8               	xorwf	((main@c)),w
   638  07DB  0674               	movlw	3
   639  07DC  3003               	skipnz
   640  07DD  1903               	xorwf	((main@c+1)),w
   641  07DE  0675               	btfss	status,2
   642  07DF  1D03               	goto	u21
   643  07E0  2FE2               	goto	u20
   644  07E1  2FE3               u21:
   645  07E2                     	goto	l630
   646  07E2  2FE8               u20:
   647  07E3                     	line	60
   648                           	
   649                           l628:	
   650  07E3                     ;main.c: 59:         {;main.c: 60:             PORTB= 0xff;
   651                           	movlw	low(0FFh)
   652  07E3  30FF               	bcf	status, 5	;RP0=0, select bank0
   653  07E4  1283               	bcf	status, 6	;RP1=0, select bank0
   654  07E5  1303               	movwf	(6)	;volatile
   655  07E6  0086               	goto	l630
   656  07E7  2FE8               	line	62
   657                           ;main.c: 62:         }
   658                           	
   659                           l25:	
   660  07E8                     	line	64
   661                           	
   662                           l630:	
   663  07E8                     ;main.c: 64:         if (c == 2000)
   664                           		movlw	208
   665  07E8  30D0               	xorwf	((main@c)),w
   666  07E9  0674               	movlw	7
   667  07EA  3007               	skipnz
   668  07EB  1903               	xorwf	((main@c+1)),w
   669  07EC  0675               	btfss	status,2
   670  07ED  1D03               	goto	u31
   671  07EE  2FF0               	goto	u30
   672  07EF  2FF1               u31:
   673  07F0                     	goto	l620
   674  07F0  2FCE               u30:
   675  07F1                     	line	66
   676                           	
   677                           l632:	
   678  07F1                     ;main.c: 65:         {;main.c: 66:             PORTB = 0x00;
   679                           	bcf	status, 5	;RP0=0, select bank0
   680  07F1  1283               	bcf	status, 6	;RP1=0, select bank0
   681  07F2  1303               	clrf	(6)	;volatile
   682  07F3  0186               	line	67
   683                           ;main.c: 67:             c= 0;
   684                           	clrf	(main@c)
   685  07F4  01F4               	clrf	(main@c+1)
   686  07F5  01F5               	goto	l620
   687  07F6  2FCE               	line	68
   688                           ;main.c: 68:         }
   689                           	
   690                           l26:	
   691  07F7                     	goto	l620
   692  07F7  2FCE               	line	70
   693                           ;main.c: 70:     }
   694                           	
   695                           l27:	
   696  07F8                     	goto	l620
   697  07F8  2FCE               	
   698                           l28:	
   699  07F9                     	line	72
   700                           	
   701                           l29:	
   702  07F9                     	global	start
   703                           	ljmp	start
   704  07F9  120A  118A  2800   	opt stack 0
   705                           GLOBAL	__end_of_main
   706                           	__end_of_main:
   707  07FC                     	signat	_main,89
   708                           global	___latbits
   709                           ___latbits	equ	2
   710  0002                     	global	btemp
   711                           	btemp set 07Eh
   712  007E                     
   713                           	DABS	1,126,2	;btemp
   714                           	global	wtemp0
   715                           	wtemp0 set btemp+0
   716  007E                     	end


Data Sizes:
    Strings     0
    Constant    0
    Data        0
    BSS         0
    Persistent  0
    Stack       0

Auto Spaces:
    Space          Size  Autos    Used
    COMMON           14      6       6
    BANK0            80      0       0
    BANK1            80      0       0
    BANK3            96      0       0
    BANK2            96      0       0

Pointer List with Targets:

    None.

Critical Paths under _main in COMMON

    None.

Critical Paths under _main in BANK0

    None.

Critical Paths under _main in BANK1

    None.

Critical Paths under _main in BANK3

    None.

Critical Paths under _main in BANK2

    None.

Call Graph Tables:

 ---------------------------------------------------------------------------------
 (Depth) Function   	        Calls       Base Space   Used Autos Params    Refs
 ---------------------------------------------------------------------------------
 (0) _main                                                 6     6      0      30
                                              0 COMMON     6     6      0
 ---------------------------------------------------------------------------------
 Estimated maximum stack depth 0
 ---------------------------------------------------------------------------------

 Call Graph Graphs:

 _main (ROOT)

 Address spaces:
Name               Size   Autos  Total    Cost      Usage
BITCOMMON            E      0       0       0        0.0%
EEDATA             100      0       0       0        0.0%
NULL                 0      0       0       0        0.0%
CODE                 0      0       0       0        0.0%
COMMON               E      6       6       1       42.9%
BITSFR0              0      0       0       1        0.0%
SFR0                 0      0       0       1        0.0%
BITSFR1              0      0       0       2        0.0%
SFR1                 0      0       0       2        0.0%
STACK                0      0       0       2        0.0%
ABS                  0      0       0       3        0.0%
BITBANK0            50      0       0       4        0.0%
BITSFR3              0      0       0       4        0.0%
SFR3                 0      0       0       4        0.0%
BANK0               50      0       0       5        0.0%
BITSFR2              0      0       0       5        0.0%
SFR2                 0      0       0       5        0.0%
BITBANK1            50      0       0       6        0.0%
BANK1               50      0       0       7        0.0%
BITBANK3            60      0       0       8        0.0%
BANK3               60      0       0       9        0.0%
BITBANK2            60      0       0      10        0.0%
BANK2               60      0       0      11        0.0%
DATA                 0      0       0      12        0.0%


Microchip Technology PIC Macro Assembler V2.00 build -1524193055 
Symbol Table                                                                                   Thu Nov 08 13:52:28 2018

            __CFG_CP$OFF 0000                       l23 07CE                       l24 07DA  
                     l25 07E8                       l26 07F7                       l27 07F8  
                     l28 07F9                       l29 07F9                       u10 07D2  
                     u11 07D1                       u20 07E3                       u21 07E2  
                     u30 07F1                       u31 07F0                      l610 07BD  
                    l602 07B2                      l620 07CE                      l612 07BE  
                    l604 07B8                      l630 07E8                      l622 07D2  
                    l614 07BF                      l606 07BB                      l632 07F1  
                    l624 07D8                      l616 07C0                      l608 07BC  
                    l626 07DA                      l618 07C4                      l628 07E3  
                    _PS1 0409                      _PS2 040A             __CFG_CPD$OFF 0000  
                    _PSA 040B             __CFG_FOSC$XT 0000             __CFG_LVP$OFF 0000  
                   _T0CS 040D                     _T0SE 040C                     _TMR0 0001  
           __CFG_WRT$OFF 0000                     _main 07B2                     btemp 007E  
                   start 0000                    ?_main 0070            __CFG_WDTE$OFF 0000  
                  _PORTB 0006                    _TRISB 0086                    main@c 0074  
                  main@x 0072           __CFG_BOREN$OFF 0000                    status 0003  
                  wtemp0 007E          __initialization 07FC             __end_of_main 07FC  
                 ??_main 0070                   _TMR0IF 005A           __CFG_PWRTE$OFF 0000  
__end_of__initialization 07FC           __pcstackCOMMON 0070               __pmaintext 07B2  
   end_of_initialization 07FC      start_initialization 07FC                ___latbits 0002  
          __size_of_main 004A  
