

Microchip Technology PIC LITE Macro Assembler V1.45 build -152302408 
                                                                                               Sat Dec 15 16:58:45 2018

Microchip Technology Omniscient Code Generator v1.45 (Free mode) build 201711160504
     1                           	processor	16F877A
     2                           	opt	pw 120
     3                           	opt	lm
     4                           	psect	cinit,global,class=CODE,merge=1,delta=2
     5                           	psect	bssCOMMON,global,class=COMMON,space=1,delta=1
     6                           	psect	cstackCOMMON,global,class=COMMON,space=1,delta=1
     7                           	psect	maintext,global,class=CODE,split=1,delta=2
     8                           	dabs	1,0x7E,2
     9  0000                     
    10                           ; Version 1.45
    11                           ; Generated 16/11/2017 GMT
    12                           ; 
    13                           ; Copyright © 2017, Microchip Technology Inc. and its subsidiaries ("Microchip")
    14                           ; All rights reserved.
    15                           ; 
    16                           ; This software is developed by Microchip Technology Inc. and its subsidiaries ("Microch
      +                          ip").
    17                           ; 
    18                           ; Redistribution and use in source and binary forms, with or without modification, are
    19                           ; permitted provided that the following conditions are met:
    20                           ; 
    21                           ;     1. Redistributions of source code must retain the above copyright notice, this lis
      +                          t of
    22                           ;        conditions and the following disclaimer.
    23                           ; 
    24                           ;     2. Redistributions in binary form must reproduce the above copyright notice, this 
      +                          list
    25                           ;        of conditions and the following disclaimer in the documentation and/or other
    26                           ;        materials provided with the distribution.
    27                           ; 
    28                           ;     3. Microchip's name may not be used to endorse or promote products derived from th
      +                          is
    29                           ;        software without specific prior written permission.
    30                           ; 
    31                           ; THIS SOFTWARE IS PROVIDED BY MICROCHIP "AS IS" AND ANY EXPRESS OR IMPLIED WARRANTIES,
    32                           ; INCLUDING, BUT NOT LIMITED TO, THE IMPLIED WARRANTIES OF MERCHANTABILITY AND FITNESS F
      +                          OR
    33                           ; PURPOSE ARE DISCLAIMED.  IN NO EVENT SHALL MICROCHIP BE LIABLE FOR ANY DIRECT, INDIREC
      +                          T,
    34                           ; INCIDENTAL, SPECIAL, EXEMPLARY, OR CONSEQUENTIAL DAMAGES (INCLUDING BUT NOT LIMITED TO
    35                           ; PROCUREMENT OF SUBSTITUTE GOODS OR SERVICES; LOSS OF USE, DATA OR PROFITS; OR BUSINESS
    36                           ; INTERRUPTION) HOWSOEVER CAUSED AND ON ANY THEORY OF LIABILITY, WHETHER IN CONTRACT, ST
      +                          RICT
    37                           ; LIABILITY, OR TORT (INCLUDING NEGLIGENCE OR OTHERWISE) ARISING IN ANY WAY OUT OF THE U
      +                          SE OF
    38                           ; THIS SOFTWARE, EVEN IF ADVISED OF THE POSSIBILITY OF SUCH DAMAGE.
    39                           ; 
    40                           ; 
    41                           ; Code-generator required, PIC16F877A Definitions
    42                           ; 
    43                           ; SFR Addresses
    44  0000                     	;# 
    45  0001                     	;# 
    46  0002                     	;# 
    47  0003                     	;# 
    48  0004                     	;# 
    49  0005                     	;# 
    50  0006                     	;# 
    51  0007                     	;# 
    52  0008                     	;# 
    53  0009                     	;# 
    54  000A                     	;# 
    55  000B                     	;# 
    56  000C                     	;# 
    57  000D                     	;# 
    58  000E                     	;# 
    59  000E                     	;# 
    60  000F                     	;# 
    61  0010                     	;# 
    62  0011                     	;# 
    63  0012                     	;# 
    64  0013                     	;# 
    65  0014                     	;# 
    66  0015                     	;# 
    67  0015                     	;# 
    68  0016                     	;# 
    69  0017                     	;# 
    70  0018                     	;# 
    71  0019                     	;# 
    72  001A                     	;# 
    73  001B                     	;# 
    74  001B                     	;# 
    75  001C                     	;# 
    76  001D                     	;# 
    77  001E                     	;# 
    78  001F                     	;# 
    79  0081                     	;# 
    80  0085                     	;# 
    81  0086                     	;# 
    82  0087                     	;# 
    83  0088                     	;# 
    84  0089                     	;# 
    85  008C                     	;# 
    86  008D                     	;# 
    87  008E                     	;# 
    88  0091                     	;# 
    89  0092                     	;# 
    90  0093                     	;# 
    91  0094                     	;# 
    92  0098                     	;# 
    93  0099                     	;# 
    94  009C                     	;# 
    95  009D                     	;# 
    96  009E                     	;# 
    97  009F                     	;# 
    98  010C                     	;# 
    99  010D                     	;# 
   100  010E                     	;# 
   101  010F                     	;# 
   102  018C                     	;# 
   103  018D                     	;# 
   104  0010                     _T1CON	set	16
   105  0041                     _RD1	set	65
   106  0060                     _TMR1IF	set	96
   107  0441                     _TRISD1	set	1089
   108                           
   109                           	psect	cinit
   110  07F8                     start_initialization:	
   111                           ; #config settings
   112                           
   113  07F8                     __initialization:	
   114                           
   115                           ; Clear objects allocated to COMMON
   116  07F8  01F0               	clrf	__pbssCOMMON& (0+127)
   117  07F9  01F1               	clrf	(__pbssCOMMON+1)& (0+127)
   118  07FA  01F2               	clrf	(__pbssCOMMON+2)& (0+127)
   119  07FB  01F3               	clrf	(__pbssCOMMON+3)& (0+127)
   120  07FC                     end_of_initialization:	
   121                           ;End of C runtime variable initialization code
   122                           
   123  07FC                     __end_of__initialization:	
   124  07FC  0183               	clrf	3
   125  07FD  120A  118A  2FCF   	ljmp	_main	;jump to C main() function
   126                           
   127                           	psect	bssCOMMON
   128  0070                     __pbssCOMMON:	
   129  0070                     _Count:	
   130  0070                     	ds	2
   131  0072                     _value:	
   132  0072                     	ds	2
   133                           
   134                           	psect	cstackCOMMON
   135  0000                     __pcstackCOMMON:	
   136  0000                     ?_main:	
   137  0000                     ??_main:	
   138                           ; 1 bytes @ 0x0
   139                           
   140                           
   141                           	psect	maintext
   142  07CF                     __pmaintext:	
   143                           ; 1 bytes @ 0x0
   144 ;;
   145 ;;Main: autosize = 0, tempsize = 0, incstack = 0, save=0
   146 ;;
   147 ;; *************** function _main *****************
   148 ;; Defined at:
   149 ;;		line 12 in file "newmain.c"
   150 ;; Parameters:    Size  Location     Type
   151 ;;		None
   152 ;; Auto vars:     Size  Location     Type
   153 ;;		None
   154 ;; Return value:  Size  Location     Type
   155 ;;                  1    wreg      void 
   156 ;; Registers used:
   157 ;;		wreg, status,2, btemp+1
   158 ;; Tracked objects:
   159 ;;		On entry : B00/0
   160 ;;		On exit  : 0/0
   161 ;;		Unchanged: 0/0
   162 ;; Data sizes:     COMMON   BANK0   BANK1   BANK3   BANK2
   163 ;;      Params:         0       0       0       0       0
   164 ;;      Locals:         0       0       0       0       0
   165 ;;      Temps:          0       0       0       0       0
   166 ;;      Totals:         0       0       0       0       0
   167 ;;Total ram usage:        0 bytes
   168 ;; This function calls:
   169 ;;		Nothing
   170 ;; This function is called by:
   171 ;;		Startup code after reset
   172 ;; This function uses a non-reentrant model
   173 ;;
   174                           
   175                           
   176                           ;psect for function _main
   177  07CF                     _main:	
   178                           
   179                           ;newmain.c: 14: T1CON = 0b00110001;
   180                           
   181                           ;incstack = 0
   182                           ; Regs used in _main: [wreg+status,2+btemp+1]
   183  07CF  3031               	movlw	49
   184  07D0  1283               	bcf	3,5	;RP0=0, select bank0
   185  07D1  1303               	bcf	3,6	;RP1=0, select bank0
   186  07D2  0090               	movwf	16	;volatile
   187                           
   188                           ;newmain.c: 15: TRISD1=0x00;
   189  07D3  1683               	bsf	3,5	;RP0=1, select bank1
   190  07D4  1303               	bcf	3,6	;RP1=0, select bank1
   191  07D5  1088               	bcf	8,1	;volatile
   192  07D6                     l18:	
   193                           ;newmain.c: 17: {
   194                           ;newmain.c: 18: while (! TMR1IF);
   195                           
   196                           ;newmain.c: 16: while (1)
   197                           
   198  07D6  1283               	bcf	3,5	;RP0=0, select bank0
   199  07D7  1303               	bcf	3,6	;RP1=0, select bank0
   200  07D8  1C0C               	btfss	12,0	;volatile
   201  07D9  2FD6               	goto	l18
   202                           
   203                           ;newmain.c: 19: TMR1IF = 0;
   204  07DA  100C               	bcf	12,0	;volatile
   205                           
   206                           ;newmain.c: 20: Count ++;
   207  07DB  3001               	movlw	1
   208  07DC  07F0               	addwf	_Count,f
   209  07DD  1803               	skipnc
   210  07DE  0AF1               	incf	_Count+1,f
   211  07DF  3000               	movlw	0
   212  07E0  07F1               	addwf	_Count+1,f
   213                           
   214                           ;newmain.c: 21: if (Count>7)
   215  07E1  0871               	movf	_Count+1,w
   216  07E2  3A80               	xorlw	128
   217  07E3  00FF               	movwf	127
   218  07E4  3080               	movlw	128
   219  07E5  027F               	subwf	127,w
   220  07E6  1D03               	skipz
   221  07E7  2FEA               	goto	u25
   222  07E8  3008               	movlw	8
   223  07E9  0270               	subwf	_Count,w
   224  07EA                     u25:	
   225  07EA  1C03               	skipc
   226  07EB  2FD6               	goto	l18
   227                           
   228                           ;newmain.c: 22: {
   229                           ;newmain.c: 23: RD1 = ~ value;
   230  07EC  1872               	btfsc	_value,0
   231  07ED  2FF2               	goto	u30
   232  07EE  1283               	bcf	3,5	;RP0=0, select bank0
   233  07EF  1303               	bcf	3,6	;RP1=0, select bank0
   234  07F0  1488               	bsf	8,1	;volatile
   235  07F1  2FF5               	goto	l494
   236  07F2                     u30:	
   237  07F2  1283               	bcf	3,5	;RP0=0, select bank0
   238  07F3  1303               	bcf	3,6	;RP1=0, select bank0
   239  07F4  1088               	bcf	8,1	;volatile
   240  07F5                     l494:	
   241                           
   242                           ;newmain.c: 24: Count = 0;
   243  07F5  01F0               	clrf	_Count
   244  07F6  01F1               	clrf	_Count+1
   245  07F7  2FD6               	goto	l18
   246  07F8                     __end_of_main:	
   247  007E                     btemp	set	126	;btemp
   248  007E                     wtemp0	set	126


Data Sizes:
    Strings     0
    Constant    0
    Data        0
    BSS         4
    Persistent  0
    Stack       0

Auto Spaces:
    Space          Size  Autos    Used
    COMMON           14      0       4
    BANK0            80      0       0
    BANK1            80      0       0
    BANK3            96      0       0
    BANK2            96      0       0

Pointer List with Targets:

    None.

Critical Paths under _main in COMMON

    None.

Critical Paths under _main in BANK0

    None.

Critical Paths under _main in BANK1

    None.

Critical Paths under _main in BANK3

    None.

Critical Paths under _main in BANK2

    None.

Call Graph Tables:

 ---------------------------------------------------------------------------------
 (Depth) Function   	        Calls       Base Space   Used Autos Params    Refs
 ---------------------------------------------------------------------------------
 (0) _main                                                 0     0      0       0
 ---------------------------------------------------------------------------------
 Estimated maximum stack depth 0
 ---------------------------------------------------------------------------------

 Call Graph Graphs:

 _main (ROOT)

 Address spaces:
Name               Size   Autos  Total    Cost      Usage
BITCOMMON            E      0       0       0        0.0%
EEDATA             100      0       0       0        0.0%
NULL                 0      0       0       0        0.0%
CODE                 0      0       0       0        0.0%
COMMON               E      0       4       1       28.6%
BITSFR0              0      0       0       1        0.0%
SFR0                 0      0       0       1        0.0%
BITSFR1              0      0       0       2        0.0%
SFR1                 0      0       0       2        0.0%
STACK                0      0       0       2        0.0%
ABS                  0      0       4       3        0.0%
BITBANK0            50      0       0       4        0.0%
BITSFR3              0      0       0       4        0.0%
SFR3                 0      0       0       4        0.0%
BANK0               50      0       0       5        0.0%
BITSFR2              0      0       0       5        0.0%
SFR2                 0      0       0       5        0.0%
BITBANK1            50      0       0       6        0.0%
BANK1               50      0       0       7        0.0%
BITBANK3            60      0       0       8        0.0%
BANK3               60      0       0       9        0.0%
BITBANK2            60      0       0      10        0.0%
BANK2               60      0       0      11        0.0%
DATA                 0      0       4      12        0.0%


Microchip Technology PIC Macro Assembler V1.45 build -152302408 
Symbol Table                                                                                   Sat Dec 15 16:58:45 2018

                     l18 07D6                       u30 07F2                       u25 07EA  
                    l494 07F5                      _RD1 0041                     _main 07CF  
                   btemp 007E                     start 0000                    ?_main 0000  
                  _T1CON 0010                    _Count 0070                    _value 0072  
                  status 0003                    wtemp0 007E          __initialization 07F8  
           __end_of_main 07F8                   ??_main 0000                   _TMR1IF 0060  
                 _TRISD1 0441  __end_of__initialization 07FC           __pcstackCOMMON 0000  
             __pmaintext 07CF     end_of_initialization 07FC      start_initialization 07F8  
            __pbssCOMMON 0070                ___latbits 0002            __size_of_main 0029  
